<?xml version="1.0" encoding="UTF-8"?>
<testsuite xmlns:xsi="http://www.w3.org/2001/XMLSchema-instance" xsi:noNamespaceSchemaLocation="https://maven.apache.org/surefire/maven-surefire-plugin/xsd/surefire-test-report.xsd" version="3.0.2" name="ai.braineous.app.fno.services.FNOOrchestratorTests" time="0.006" tests="1" errors="0" skipped="0" failures="0">
  <properties>
    <property name="java.specification.version" value="21"/>
    <property name="sun.jnu.encoding" value="UTF-8"/>
    <property name="java.class.path" value="/Users/babyboy/mumma/oss/rag-a-muffin/rag-a-muffin/prompt_engineering_quarkus/target/test-classes:/Users/babyboy/mumma/oss/rag-a-muffin/rag-a-muffin/prompt_engineering_quarkus/target/classes:/Users/babyboy/.m2/repository/io/quarkus/quarkus-rest/3.26.3/quarkus-rest-3.26.3.jar:/Users/babyboy/.m2/repository/io/quarkus/quarkus-rest-common/3.26.3/quarkus-rest-common-3.26.3.jar:/Users/babyboy/.m2/repository/io/quarkus/resteasy/reactive/resteasy-reactive-common/3.26.3/resteasy-reactive-common-3.26.3.jar:/Users/babyboy/.m2/repository/io/quarkus/resteasy/reactive/resteasy-reactive-common-types/3.26.3/resteasy-reactive-common-types-3.26.3.jar:/Users/babyboy/.m2/repository/org/reactivestreams/reactive-streams/1.0.4/reactive-streams-1.0.4.jar:/Users/babyboy/.m2/repository/io/smallrye/reactive/mutiny-zero-flow-adapters/1.1.1/mutiny-zero-flow-adapters-1.1.1.jar:/Users/babyboy/.m2/repository/io/smallrye/common/smallrye-common-annotation/2.13.8/smallrye-common-annotation-2.13.8.jar:/Users/babyboy/.m2/repository/io/quarkus/quarkus-mutiny/3.26.3/quarkus-mutiny-3.26.3.jar:/Users/babyboy/.m2/repository/io/quarkus/quarkus-smallrye-context-propagation/3.26.3/quarkus-smallrye-context-propagation-3.26.3.jar:/Users/babyboy/.m2/repository/io/smallrye/smallrye-context-propagation/2.2.1/smallrye-context-propagation-2.2.1.jar:/Users/babyboy/.m2/repository/io/smallrye/smallrye-context-propagation-api/2.2.1/smallrye-context-propagation-api-2.2.1.jar:/Users/babyboy/.m2/repository/io/smallrye/smallrye-context-propagation-storage/2.2.1/smallrye-context-propagation-storage-2.2.1.jar:/Users/babyboy/.m2/repository/io/smallrye/reactive/mutiny-smallrye-context-propagation/2.9.4/mutiny-smallrye-context-propagation-2.9.4.jar:/Users/babyboy/.m2/repository/io/quarkus/quarkus-vertx/3.26.3/quarkus-vertx-3.26.3.jar:/Users/babyboy/.m2/repository/io/quarkus/quarkus-netty/3.26.3/quarkus-netty-3.26.3.jar:/Users/babyboy/.m2/repository/io/netty/netty-codec/4.1.127.Final/netty-codec-4.1.127.Final.jar:/Users/babyboy/.m2/repository/io/netty/netty-codec-haproxy/4.1.127.Final/netty-codec-haproxy-4.1.127.Final.jar:/Users/babyboy/.m2/repository/io/quarkus/quarkus-vertx-latebound-mdc-provider/3.26.3/quarkus-vertx-latebound-mdc-provider-3.26.3.jar:/Users/babyboy/.m2/repository/io/smallrye/smallrye-fault-tolerance-vertx/6.9.2/smallrye-fault-tolerance-vertx-6.9.2.jar:/Users/babyboy/.m2/repository/io/quarkus/resteasy/reactive/resteasy-reactive-vertx/3.26.3/resteasy-reactive-vertx-3.26.3.jar:/Users/babyboy/.m2/repository/io/vertx/vertx-web/4.5.21/vertx-web-4.5.21.jar:/Users/babyboy/.m2/repository/io/vertx/vertx-web-common/4.5.21/vertx-web-common-4.5.21.jar:/Users/babyboy/.m2/repository/io/vertx/vertx-auth-common/4.5.21/vertx-auth-common-4.5.21.jar:/Users/babyboy/.m2/repository/io/vertx/vertx-bridge-common/4.5.21/vertx-bridge-common-4.5.21.jar:/Users/babyboy/.m2/repository/io/smallrye/reactive/smallrye-mutiny-vertx-core/3.19.2/smallrye-mutiny-vertx-core-3.19.2.jar:/Users/babyboy/.m2/repository/io/smallrye/reactive/smallrye-mutiny-vertx-runtime/3.19.2/smallrye-mutiny-vertx-runtime-3.19.2.jar:/Users/babyboy/.m2/repository/io/smallrye/reactive/vertx-mutiny-generator/3.19.2/vertx-mutiny-generator-3.19.2.jar:/Users/babyboy/.m2/repository/io/vertx/vertx-codegen/4.5.21/vertx-codegen-4.5.21.jar:/Users/babyboy/.m2/repository/io/quarkus/resteasy/reactive/resteasy-reactive/3.26.3/resteasy-reactive-3.26.3.jar:/Users/babyboy/.m2/repository/io/quarkus/vertx/utils/quarkus-vertx-utils/3.26.3/quarkus-vertx-utils-3.26.3.jar:/Users/babyboy/.m2/repository/jakarta/enterprise/jakarta.enterprise.cdi-api/4.1.0/jakarta.enterprise.cdi-api-4.1.0.jar:/Users/babyboy/.m2/repository/jakarta/enterprise/jakarta.enterprise.lang-model/4.1.0/jakarta.enterprise.lang-model-4.1.0.jar:/Users/babyboy/.m2/repository/jakarta/el/jakarta.el-api/6.0.1/jakarta.el-api-6.0.1.jar:/Users/babyboy/.m2/repository/jakarta/interceptor/jakarta.interceptor-api/2.2.0/jakarta.interceptor-api-2.2.0.jar:/Users/babyboy/.m2/repository/jakarta/ws/rs/jakarta.ws.rs-api/3.1.0/jakarta.ws.rs-api-3.1.0.jar:/Users/babyboy/.m2/repository/jakarta/annotation/jakarta.annotation-api/3.0.0/jakarta.annotation-api-3.0.0.jar:/Users/babyboy/.m2/repository/org/jboss/logging/commons-logging-jboss-logging/1.0.0.Final/commons-logging-jboss-logging-1.0.0.Final.jar:/Users/babyboy/.m2/repository/jakarta/xml/bind/jakarta.xml.bind-api/4.0.2/jakarta.xml.bind-api-4.0.2.jar:/Users/babyboy/.m2/repository/jakarta/activation/jakarta.activation-api/2.1.3/jakarta.activation-api-2.1.3.jar:/Users/babyboy/.m2/repository/org/jboss/logging/jboss-logging/3.6.1.Final/jboss-logging-3.6.1.Final.jar:/Users/babyboy/.m2/repository/io/quarkus/quarkus-vertx-http/3.26.3/quarkus-vertx-http-3.26.3.jar:/Users/babyboy/.m2/repository/io/quarkus/quarkus-security-runtime-spi/3.26.3/quarkus-security-runtime-spi-3.26.3.jar:/Users/babyboy/.m2/repository/io/quarkus/quarkus-tls-registry/3.26.3/quarkus-tls-registry-3.26.3.jar:/Users/babyboy/.m2/repository/io/quarkus/quarkus-tls-registry-spi/3.26.3/quarkus-tls-registry-spi-3.26.3.jar:/Users/babyboy/.m2/repository/io/smallrye/certs/smallrye-private-key-pem-parser/0.9.2/smallrye-private-key-pem-parser-0.9.2.jar:/Users/babyboy/.m2/repository/io/quarkus/quarkus-credentials/3.26.3/quarkus-credentials-3.26.3.jar:/Users/babyboy/.m2/repository/io/smallrye/common/smallrye-common-vertx-context/2.13.8/smallrye-common-vertx-context-2.13.8.jar:/Users/babyboy/.m2/repository/io/smallrye/common/smallrye-common-constraint/2.13.8/smallrye-common-constraint-2.13.8.jar:/Users/babyboy/.m2/repository/io/quarkus/security/quarkus-security/2.2.1/quarkus-security-2.2.1.jar:/Users/babyboy/.m2/repository/io/smallrye/reactive/smallrye-mutiny-vertx-web/3.19.2/smallrye-mutiny-vertx-web-3.19.2.jar:/Users/babyboy/.m2/repository/io/smallrye/reactive/smallrye-mutiny-vertx-web-common/3.19.2/smallrye-mutiny-vertx-web-common-3.19.2.jar:/Users/babyboy/.m2/repository/io/smallrye/reactive/smallrye-mutiny-vertx-auth-common/3.19.2/smallrye-mutiny-vertx-auth-common-3.19.2.jar:/Users/babyboy/.m2/repository/io/smallrye/reactive/smallrye-mutiny-vertx-bridge-common/3.19.2/smallrye-mutiny-vertx-bridge-common-3.19.2.jar:/Users/babyboy/.m2/repository/io/smallrye/reactive/smallrye-mutiny-vertx-uri-template/3.19.2/smallrye-mutiny-vertx-uri-template-3.19.2.jar:/Users/babyboy/.m2/repository/io/vertx/vertx-uri-template/4.5.21/vertx-uri-template-4.5.21.jar:/Users/babyboy/.m2/repository/org/crac/crac/1.5.0/crac-1.5.0.jar:/Users/babyboy/.m2/repository/com/aayushatharva/brotli4j/brotli4j/1.16.0/brotli4j-1.16.0.jar:/Users/babyboy/.m2/repository/com/aayushatharva/brotli4j/service/1.16.0/service-1.16.0.jar:/Users/babyboy/.m2/repository/com/aayushatharva/brotli4j/native-osx-aarch64/1.16.0/native-osx-aarch64-1.16.0.jar:/Users/babyboy/.m2/repository/io/quarkus/quarkus-jsonp/3.26.3/quarkus-jsonp-3.26.3.jar:/Users/babyboy/.m2/repository/org/eclipse/parsson/parsson/1.1.7/parsson-1.1.7.jar:/Users/babyboy/.m2/repository/jakarta/json/jakarta.json-api/2.1.3/jakarta.json-api-2.1.3.jar:/Users/babyboy/.m2/repository/io/quarkus/quarkus-virtual-threads/3.26.3/quarkus-virtual-threads-3.26.3.jar:/Users/babyboy/.m2/repository/io/vertx/vertx-core/4.5.21/vertx-core-4.5.21.jar:/Users/babyboy/.m2/repository/io/netty/netty-common/4.1.127.Final/netty-common-4.1.127.Final.jar:/Users/babyboy/.m2/repository/io/netty/netty-buffer/4.1.127.Final/netty-buffer-4.1.127.Final.jar:/Users/babyboy/.m2/repository/io/netty/netty-transport/4.1.127.Final/netty-transport-4.1.127.Final.jar:/Users/babyboy/.m2/repository/io/netty/netty-handler/4.1.127.Final/netty-handler-4.1.127.Final.jar:/Users/babyboy/.m2/repository/io/netty/netty-transport-native-unix-common/4.1.127.Final/netty-transport-native-unix-common-4.1.127.Final.jar:/Users/babyboy/.m2/repository/io/netty/netty-handler-proxy/4.1.127.Final/netty-handler-proxy-4.1.127.Final.jar:/Users/babyboy/.m2/repository/io/netty/netty-codec-socks/4.1.127.Final/netty-codec-socks-4.1.127.Final.jar:/Users/babyboy/.m2/repository/io/netty/netty-codec-http/4.1.127.Final/netty-codec-http-4.1.127.Final.jar:/Users/babyboy/.m2/repository/io/netty/netty-codec-http2/4.1.127.Final/netty-codec-http2-4.1.127.Final.jar:/Users/babyboy/.m2/repository/io/netty/netty-resolver/4.1.127.Final/netty-resolver-4.1.127.Final.jar:/Users/babyboy/.m2/repository/io/netty/netty-resolver-dns/4.1.127.Final/netty-resolver-dns-4.1.127.Final.jar:/Users/babyboy/.m2/repository/io/netty/netty-codec-dns/4.1.127.Final/netty-codec-dns-4.1.127.Final.jar:/Users/babyboy/.m2/repository/com/fasterxml/jackson/core/jackson-core/2.19.2/jackson-core-2.19.2.jar:/Users/babyboy/.m2/repository/io/quarkus/quarkus-arc/3.26.3/quarkus-arc-3.26.3.jar:/Users/babyboy/.m2/repository/io/quarkus/arc/arc/3.26.3/arc-3.26.3.jar:/Users/babyboy/.m2/repository/jakarta/transaction/jakarta.transaction-api/2.0.1/jakarta.transaction-api-2.0.1.jar:/Users/babyboy/.m2/repository/io/smallrye/reactive/mutiny/2.9.4/mutiny-2.9.4.jar:/Users/babyboy/.m2/repository/org/jctools/jctools-core/4.0.5/jctools-core-4.0.5.jar:/Users/babyboy/.m2/repository/io/quarkus/quarkus-core/3.26.3/quarkus-core-3.26.3.jar:/Users/babyboy/.m2/repository/jakarta/inject/jakarta.inject-api/2.0.1/jakarta.inject-api-2.0.1.jar:/Users/babyboy/.m2/repository/io/smallrye/common/smallrye-common-os/2.13.8/smallrye-common-os-2.13.8.jar:/Users/babyboy/.m2/repository/io/quarkus/quarkus-ide-launcher/3.26.3/quarkus-ide-launcher-3.26.3.jar:/Users/babyboy/.m2/repository/io/quarkus/quarkus-development-mode-spi/3.26.3/quarkus-development-mode-spi-3.26.3.jar:/Users/babyboy/.m2/repository/io/smallrye/config/smallrye-config/3.13.4/smallrye-config-3.13.4.jar:/Users/babyboy/.m2/repository/io/smallrye/config/smallrye-config-core/3.13.4/smallrye-config-core-3.13.4.jar:/Users/babyboy/.m2/repository/org/eclipse/microprofile/config/microprofile-config-api/3.1/microprofile-config-api-3.1.jar:/Users/babyboy/.m2/repository/io/smallrye/common/smallrye-common-classloader/2.13.8/smallrye-common-classloader-2.13.8.jar:/Users/babyboy/.m2/repository/io/smallrye/config/smallrye-config-common/3.13.4/smallrye-config-common-3.13.4.jar:/Users/babyboy/.m2/repository/org/jboss/logmanager/jboss-logmanager/3.1.2.Final/jboss-logmanager-3.1.2.Final.jar:/Users/babyboy/.m2/repository/io/smallrye/common/smallrye-common-cpu/2.13.8/smallrye-common-cpu-2.13.8.jar:/Users/babyboy/.m2/repository/io/smallrye/common/smallrye-common-expression/2.13.8/smallrye-common-expression-2.13.8.jar:/Users/babyboy/.m2/repository/io/smallrye/common/smallrye-common-net/2.13.8/smallrye-common-net-2.13.8.jar:/Users/babyboy/.m2/repository/io/smallrye/common/smallrye-common-ref/2.13.8/smallrye-common-ref-2.13.8.jar:/Users/babyboy/.m2/repository/org/jboss/threads/jboss-threads/3.9.1/jboss-threads-3.9.1.jar:/Users/babyboy/.m2/repository/io/smallrye/common/smallrye-common-function/2.13.8/smallrye-common-function-2.13.8.jar:/Users/babyboy/.m2/repository/org/slf4j/slf4j-api/2.0.17/slf4j-api-2.0.17.jar:/Users/babyboy/.m2/repository/org/jboss/slf4j/slf4j-jboss-logmanager/2.0.0.Final/slf4j-jboss-logmanager-2.0.0.Final.jar:/Users/babyboy/.m2/repository/org/wildfly/common/wildfly-common/2.0.1/wildfly-common-2.0.1.jar:/Users/babyboy/.m2/repository/io/quarkus/quarkus-bootstrap-runner/3.26.3/quarkus-bootstrap-runner-3.26.3.jar:/Users/babyboy/.m2/repository/io/quarkus/quarkus-fs-util/1.1.0/quarkus-fs-util-1.1.0.jar:/Users/babyboy/.m2/repository/org/eclipse/microprofile/context-propagation/microprofile-context-propagation-api/1.3/microprofile-context-propagation-api-1.3.jar:/Users/babyboy/.m2/repository/io/quarkus/quarkus-junit5/3.26.3/quarkus-junit5-3.26.3.jar:/Users/babyboy/.m2/repository/io/quarkus/quarkus-bootstrap-core/3.26.3/quarkus-bootstrap-core-3.26.3.jar:/Users/babyboy/.m2/repository/io/quarkus/quarkus-classloader-commons/3.26.3/quarkus-classloader-commons-3.26.3.jar:/Users/babyboy/.m2/repository/io/quarkus/quarkus-bootstrap-app-model/3.26.3/quarkus-bootstrap-app-model-3.26.3.jar:/Users/babyboy/.m2/repository/io/smallrye/common/smallrye-common-io/2.13.8/smallrye-common-io-2.13.8.jar:/Users/babyboy/.m2/repository/org/eclipse/sisu/org.eclipse.sisu.inject/0.9.0.M4/org.eclipse.sisu.inject-0.9.0.M4.jar:/Users/babyboy/.m2/repository/org/ow2/asm/asm/9.8/asm-9.8.jar:/Users/babyboy/.m2/repository/io/quarkus/quarkus-test-common/3.26.3/quarkus-test-common-3.26.3.jar:/Users/babyboy/.m2/repository/io/quarkus/quarkus-core-deployment/3.26.3/quarkus-core-deployment-3.26.3.jar:/Users/babyboy/.m2/repository/org/aesh/readline/2.6/readline-2.6.jar:/Users/babyboy/.m2/repository/org/fusesource/jansi/jansi/2.4.0/jansi-2.4.0.jar:/Users/babyboy/.m2/repository/org/aesh/aesh/2.8.2/aesh-2.8.2.jar:/Users/babyboy/.m2/repository/io/quarkus/gizmo/gizmo/1.9.0/gizmo-1.9.0.jar:/Users/babyboy/.m2/repository/org/ow2/asm/asm-util/9.8/asm-util-9.8.jar:/Users/babyboy/.m2/repository/org/ow2/asm/asm-analysis/9.8/asm-analysis-9.8.jar:/Users/babyboy/.m2/repository/io/quarkus/gizmo/gizmo2/2.0.0.Beta6/gizmo2-2.0.0.Beta6.jar:/Users/babyboy/.m2/repository/io/github/dmlloyd/jdk-classfile-backport/24.0/jdk-classfile-backport-24.0.jar:/Users/babyboy/.m2/repository/io/smallrye/common/smallrye-common-resource/2.13.8/smallrye-common-resource-2.13.8.jar:/Users/babyboy/.m2/repository/io/smallrye/jandex-gizmo2/3.4.0/jandex-gizmo2-3.4.0.jar:/Users/babyboy/.m2/repository/io/smallrye/common/smallrye-common-process/2.13.8/smallrye-common-process-2.13.8.jar:/Users/babyboy/.m2/repository/org/ow2/asm/asm-commons/9.8/asm-commons-9.8.jar:/Users/babyboy/.m2/repository/org/ow2/asm/asm-tree/9.8/asm-tree-9.8.jar:/Users/babyboy/.m2/repository/io/quarkus/quarkus-hibernate-validator-spi/3.26.3/quarkus-hibernate-validator-spi-3.26.3.jar:/Users/babyboy/.m2/repository/io/quarkus/quarkus-class-change-agent/3.26.3/quarkus-class-change-agent-3.26.3.jar:/Users/babyboy/.m2/repository/io/quarkus/quarkus-builder/3.26.3/quarkus-builder-3.26.3.jar:/Users/babyboy/.m2/repository/org/graalvm/sdk/nativeimage/23.1.2/nativeimage-23.1.2.jar:/Users/babyboy/.m2/repository/org/graalvm/sdk/word/23.1.2/word-23.1.2.jar:/Users/babyboy/.m2/repository/org/junit/platform/junit-platform-launcher/1.13.4/junit-platform-launcher-1.13.4.jar:/Users/babyboy/.m2/repository/io/quarkus/quarkus-bootstrap-maven-resolver/3.26.3/quarkus-bootstrap-maven-resolver-3.26.3.jar:/Users/babyboy/.m2/repository/io/smallrye/beanbag/smallrye-beanbag-maven/1.5.3/smallrye-beanbag-maven-1.5.3.jar:/Users/babyboy/.m2/repository/io/smallrye/beanbag/smallrye-beanbag-sisu/1.5.3/smallrye-beanbag-sisu-1.5.3.jar:/Users/babyboy/.m2/repository/io/smallrye/beanbag/smallrye-beanbag/1.5.3/smallrye-beanbag-1.5.3.jar:/Users/babyboy/.m2/repository/javax/inject/javax.inject/1/javax.inject-1.jar:/Users/babyboy/.m2/repository/org/apache/maven/maven-artifact/3.9.9/maven-artifact-3.9.9.jar:/Users/babyboy/.m2/repository/org/apache/maven/maven-builder-support/3.9.9/maven-builder-support-3.9.9.jar:/Users/babyboy/.m2/repository/org/apache/maven/maven-model/3.9.9/maven-model-3.9.9.jar:/Users/babyboy/.m2/repository/org/apache/maven/maven-model-builder/3.9.9/maven-model-builder-3.9.9.jar:/Users/babyboy/.m2/repository/org/apache/maven/maven-repository-metadata/3.9.9/maven-repository-metadata-3.9.9.jar:/Users/babyboy/.m2/repository/org/apache/maven/maven-settings/3.9.9/maven-settings-3.9.9.jar:/Users/babyboy/.m2/repository/org/apache/maven/resolver/maven-resolver-api/1.9.22/maven-resolver-api-1.9.22.jar:/Users/babyboy/.m2/repository/org/apache/maven/resolver/maven-resolver-impl/1.9.22/maven-resolver-impl-1.9.22.jar:/Users/babyboy/.m2/repository/org/apache/maven/resolver/maven-resolver-named-locks/1.9.22/maven-resolver-named-locks-1.9.22.jar:/Users/babyboy/.m2/repository/org/apache/maven/resolver/maven-resolver-spi/1.9.22/maven-resolver-spi-1.9.22.jar:/Users/babyboy/.m2/repository/org/apache/maven/resolver/maven-resolver-util/1.9.22/maven-resolver-util-1.9.22.jar:/Users/babyboy/.m2/repository/org/apache/maven/resolver/maven-resolver-transport-http/1.9.23/maven-resolver-transport-http-1.9.23.jar:/Users/babyboy/.m2/repository/org/apache/maven/wagon/wagon-provider-api/3.5.3/wagon-provider-api-3.5.3.jar:/Users/babyboy/.m2/repository/org/apache/maven/wagon/wagon-http-shared/3.5.3/wagon-http-shared-3.5.3.jar:/Users/babyboy/.m2/repository/org/codehaus/plexus/plexus-interpolation/1.26/plexus-interpolation-1.26.jar:/Users/babyboy/.m2/repository/org/codehaus/plexus/plexus-utils/3.5.1/plexus-utils-3.5.1.jar:/Users/babyboy/.m2/repository/org/codehaus/plexus/plexus-xml/4.0.2/plexus-xml-4.0.2.jar:/Users/babyboy/.m2/repository/org/apache/maven/maven-xml-impl/4.0.0-alpha-7/maven-xml-impl-4.0.0-alpha-7.jar:/Users/babyboy/.m2/repository/org/apache/maven/maven-api-xml/4.0.0-alpha-7/maven-api-xml-4.0.0-alpha-7.jar:/Users/babyboy/.m2/repository/org/apache/maven/maven-api-meta/4.0.0-alpha-7/maven-api-meta-4.0.0-alpha-7.jar:/Users/babyboy/.m2/repository/org/codehaus/plexus/plexus-cipher/2.0/plexus-cipher-2.0.jar:/Users/babyboy/.m2/repository/org/codehaus/plexus/plexus-sec-dispatcher/2.0/plexus-sec-dispatcher-2.0.jar:/Users/babyboy/.m2/repository/io/quarkus/quarkus-bootstrap-maven4-resolver/3.26.3/quarkus-bootstrap-maven4-resolver-3.26.3.jar:/Users/babyboy/.m2/repository/org/apache/maven/maven-embedder/3.9.9/maven-embedder-3.9.9.jar:/Users/babyboy/.m2/repository/org/apache/maven/maven-core/3.9.9/maven-core-3.9.9.jar:/Users/babyboy/.m2/repository/org/codehaus/plexus/plexus-component-annotations/2.1.0/plexus-component-annotations-2.1.0.jar:/Users/babyboy/.m2/repository/org/apache/maven/maven-plugin-api/3.9.9/maven-plugin-api-3.9.9.jar:/Users/babyboy/.m2/repository/org/apache/maven/shared/maven-shared-utils/3.4.2/maven-shared-utils-3.4.2.jar:/Users/babyboy/.m2/repository/com/google/inject/guice/5.1.0/guice-5.1.0.jar:/Users/babyboy/.m2/repository/aopalliance/aopalliance/1.0/aopalliance-1.0.jar:/Users/babyboy/.m2/repository/javax/annotation/javax.annotation-api/1.3.2/javax.annotation-api-1.3.2.jar:/Users/babyboy/.m2/repository/org/codehaus/plexus/plexus-classworlds/2.6.0/plexus-classworlds-2.6.0.jar:/Users/babyboy/.m2/repository/commons-cli/commons-cli/1.8.0/commons-cli-1.8.0.jar:/Users/babyboy/.m2/repository/org/eclipse/sisu/org.eclipse.sisu.plexus/0.9.0.M4/org.eclipse.sisu.plexus-0.9.0.M4.jar:/Users/babyboy/.m2/repository/org/apache/maven/maven-settings-builder/3.9.9/maven-settings-builder-3.9.9.jar:/Users/babyboy/.m2/repository/org/apache/maven/maven-resolver-provider/3.9.9/maven-resolver-provider-3.9.9.jar:/Users/babyboy/.m2/repository/org/apache/maven/resolver/maven-resolver-connector-basic/1.9.22/maven-resolver-connector-basic-1.9.22.jar:/Users/babyboy/.m2/repository/org/apache/maven/resolver/maven-resolver-transport-wagon/1.9.22/maven-resolver-transport-wagon-1.9.22.jar:/Users/babyboy/.m2/repository/org/apache/maven/wagon/wagon-http/3.5.3/wagon-http-3.5.3.jar:/Users/babyboy/.m2/repository/org/apache/maven/wagon/wagon-file/3.5.3/wagon-file-3.5.3.jar:/Users/babyboy/.m2/repository/io/quarkus/quarkus-bootstrap-gradle-resolver/3.26.3/quarkus-bootstrap-gradle-resolver-3.26.3.jar:/Users/babyboy/.m2/repository/io/smallrye/jandex/3.4.0/jandex-3.4.0.jar:/Users/babyboy/.m2/repository/io/quarkus/quarkus-junit5-config/3.26.3/quarkus-junit5-config-3.26.3.jar:/Users/babyboy/.m2/repository/org/junit/jupiter/junit-jupiter-api/5.13.4/junit-jupiter-api-5.13.4.jar:/Users/babyboy/.m2/repository/org/opentest4j/opentest4j/1.3.0/opentest4j-1.3.0.jar:/Users/babyboy/.m2/repository/org/junit/platform/junit-platform-commons/1.13.4/junit-platform-commons-1.13.4.jar:/Users/babyboy/.m2/repository/org/apiguardian/apiguardian-api/1.1.2/apiguardian-api-1.1.2.jar:/Users/babyboy/.m2/repository/org/junit/jupiter/junit-jupiter/5.13.4/junit-jupiter-5.13.4.jar:/Users/babyboy/.m2/repository/org/junit/jupiter/junit-jupiter-params/5.13.4/junit-jupiter-params-5.13.4.jar:/Users/babyboy/.m2/repository/org/junit/jupiter/junit-jupiter-engine/5.13.4/junit-jupiter-engine-5.13.4.jar:/Users/babyboy/.m2/repository/org/junit/platform/junit-platform-engine/1.13.4/junit-platform-engine-1.13.4.jar:/Users/babyboy/.m2/repository/io/rest-assured/rest-assured/5.5.6/rest-assured-5.5.6.jar:/Users/babyboy/.m2/repository/org/apache/groovy/groovy/4.0.22/groovy-4.0.22.jar:/Users/babyboy/.m2/repository/org/apache/groovy/groovy-xml/4.0.22/groovy-xml-4.0.22.jar:/Users/babyboy/.m2/repository/org/apache/httpcomponents/httpclient/4.5.14/httpclient-4.5.14.jar:/Users/babyboy/.m2/repository/org/apache/httpcomponents/httpcore/4.4.16/httpcore-4.4.16.jar:/Users/babyboy/.m2/repository/commons-codec/commons-codec/1.19.0/commons-codec-1.19.0.jar:/Users/babyboy/.m2/repository/org/apache/httpcomponents/httpmime/4.5.14/httpmime-4.5.14.jar:/Users/babyboy/.m2/repository/org/hamcrest/hamcrest/2.2/hamcrest-2.2.jar:/Users/babyboy/.m2/repository/org/ccil/cowan/tagsoup/tagsoup/1.2.1/tagsoup-1.2.1.jar:/Users/babyboy/.m2/repository/io/rest-assured/json-path/5.5.6/json-path-5.5.6.jar:/Users/babyboy/.m2/repository/org/apache/groovy/groovy-json/4.0.22/groovy-json-4.0.22.jar:/Users/babyboy/.m2/repository/io/rest-assured/rest-assured-common/5.5.6/rest-assured-common-5.5.6.jar:/Users/babyboy/.m2/repository/io/rest-assured/xml-path/5.5.6/xml-path-5.5.6.jar:/Users/babyboy/.m2/repository/org/apache/commons/commons-lang3/3.18.0/commons-lang3-3.18.0.jar:/Users/babyboy/.m2/repository/com/google/code/gson/gson/2.11.0/gson-2.11.0.jar:/Users/babyboy/.m2/repository/com/google/errorprone/error_prone_annotations/2.41.0/error_prone_annotations-2.41.0.jar:/Users/babyboy/.m2/repository/com/google/guava/guava/33.5.0-jre/guava-33.5.0-jre.jar:/Users/babyboy/.m2/repository/com/google/guava/failureaccess/1.0.1/failureaccess-1.0.1.jar:/Users/babyboy/.m2/repository/org/jspecify/jspecify/1.0.0/jspecify-1.0.0.jar:/Users/babyboy/.m2/repository/com/google/j2objc/j2objc-annotations/2.8/j2objc-annotations-2.8.jar:/Users/babyboy/.m2/repository/commons-io/commons-io/1.3.2/commons-io-1.3.2.jar:"/>
    <property name="java.vm.vendor" value="Amazon.com Inc."/>
    <property name="sun.arch.data.model" value="64"/>
    <property name="java.vendor.url" value="https://aws.amazon.com/corretto/"/>
    <property name="user.timezone" value="America/Chicago"/>
    <property name="os.name" value="Mac OS X"/>
    <property name="java.vm.specification.version" value="21"/>
    <property name="sun.java.launcher" value="SUN_STANDARD"/>
    <property name="user.country" value="US"/>
    <property name="sun.boot.library.path" value="/Users/babyboy/.sdkman/candidates/java/21.0.8-amzn/lib"/>
    <property name="sun.java.command" value="/Users/babyboy/mumma/oss/rag-a-muffin/rag-a-muffin/prompt_engineering_quarkus/target/surefire/surefirebooter-20251028190152736_3.jar /Users/babyboy/mumma/oss/rag-a-muffin/rag-a-muffin/prompt_engineering_quarkus/target/surefire 2025-10-28T19-01-52_695-jvmRun1 surefire-20251028190152736_1tmp surefire_0-20251028190152736_2tmp"/>
    <property name="http.nonProxyHosts" value="local|*.local|169.254/16|*.169.254/16"/>
    <property name="jdk.debug" value="release"/>
    <property name="maven.home" value="/usr/local/Cellar/maven/3.9.6/libexec"/>
    <property name="surefire.test.class.path" value="/Users/babyboy/mumma/oss/rag-a-muffin/rag-a-muffin/prompt_engineering_quarkus/target/test-classes:/Users/babyboy/mumma/oss/rag-a-muffin/rag-a-muffin/prompt_engineering_quarkus/target/classes:/Users/babyboy/.m2/repository/io/quarkus/quarkus-rest/3.26.3/quarkus-rest-3.26.3.jar:/Users/babyboy/.m2/repository/io/quarkus/quarkus-rest-common/3.26.3/quarkus-rest-common-3.26.3.jar:/Users/babyboy/.m2/repository/io/quarkus/resteasy/reactive/resteasy-reactive-common/3.26.3/resteasy-reactive-common-3.26.3.jar:/Users/babyboy/.m2/repository/io/quarkus/resteasy/reactive/resteasy-reactive-common-types/3.26.3/resteasy-reactive-common-types-3.26.3.jar:/Users/babyboy/.m2/repository/org/reactivestreams/reactive-streams/1.0.4/reactive-streams-1.0.4.jar:/Users/babyboy/.m2/repository/io/smallrye/reactive/mutiny-zero-flow-adapters/1.1.1/mutiny-zero-flow-adapters-1.1.1.jar:/Users/babyboy/.m2/repository/io/smallrye/common/smallrye-common-annotation/2.13.8/smallrye-common-annotation-2.13.8.jar:/Users/babyboy/.m2/repository/io/quarkus/quarkus-mutiny/3.26.3/quarkus-mutiny-3.26.3.jar:/Users/babyboy/.m2/repository/io/quarkus/quarkus-smallrye-context-propagation/3.26.3/quarkus-smallrye-context-propagation-3.26.3.jar:/Users/babyboy/.m2/repository/io/smallrye/smallrye-context-propagation/2.2.1/smallrye-context-propagation-2.2.1.jar:/Users/babyboy/.m2/repository/io/smallrye/smallrye-context-propagation-api/2.2.1/smallrye-context-propagation-api-2.2.1.jar:/Users/babyboy/.m2/repository/io/smallrye/smallrye-context-propagation-storage/2.2.1/smallrye-context-propagation-storage-2.2.1.jar:/Users/babyboy/.m2/repository/io/smallrye/reactive/mutiny-smallrye-context-propagation/2.9.4/mutiny-smallrye-context-propagation-2.9.4.jar:/Users/babyboy/.m2/repository/io/quarkus/quarkus-vertx/3.26.3/quarkus-vertx-3.26.3.jar:/Users/babyboy/.m2/repository/io/quarkus/quarkus-netty/3.26.3/quarkus-netty-3.26.3.jar:/Users/babyboy/.m2/repository/io/netty/netty-codec/4.1.127.Final/netty-codec-4.1.127.Final.jar:/Users/babyboy/.m2/repository/io/netty/netty-codec-haproxy/4.1.127.Final/netty-codec-haproxy-4.1.127.Final.jar:/Users/babyboy/.m2/repository/io/quarkus/quarkus-vertx-latebound-mdc-provider/3.26.3/quarkus-vertx-latebound-mdc-provider-3.26.3.jar:/Users/babyboy/.m2/repository/io/smallrye/smallrye-fault-tolerance-vertx/6.9.2/smallrye-fault-tolerance-vertx-6.9.2.jar:/Users/babyboy/.m2/repository/io/quarkus/resteasy/reactive/resteasy-reactive-vertx/3.26.3/resteasy-reactive-vertx-3.26.3.jar:/Users/babyboy/.m2/repository/io/vertx/vertx-web/4.5.21/vertx-web-4.5.21.jar:/Users/babyboy/.m2/repository/io/vertx/vertx-web-common/4.5.21/vertx-web-common-4.5.21.jar:/Users/babyboy/.m2/repository/io/vertx/vertx-auth-common/4.5.21/vertx-auth-common-4.5.21.jar:/Users/babyboy/.m2/repository/io/vertx/vertx-bridge-common/4.5.21/vertx-bridge-common-4.5.21.jar:/Users/babyboy/.m2/repository/io/smallrye/reactive/smallrye-mutiny-vertx-core/3.19.2/smallrye-mutiny-vertx-core-3.19.2.jar:/Users/babyboy/.m2/repository/io/smallrye/reactive/smallrye-mutiny-vertx-runtime/3.19.2/smallrye-mutiny-vertx-runtime-3.19.2.jar:/Users/babyboy/.m2/repository/io/smallrye/reactive/vertx-mutiny-generator/3.19.2/vertx-mutiny-generator-3.19.2.jar:/Users/babyboy/.m2/repository/io/vertx/vertx-codegen/4.5.21/vertx-codegen-4.5.21.jar:/Users/babyboy/.m2/repository/io/quarkus/resteasy/reactive/resteasy-reactive/3.26.3/resteasy-reactive-3.26.3.jar:/Users/babyboy/.m2/repository/io/quarkus/vertx/utils/quarkus-vertx-utils/3.26.3/quarkus-vertx-utils-3.26.3.jar:/Users/babyboy/.m2/repository/jakarta/enterprise/jakarta.enterprise.cdi-api/4.1.0/jakarta.enterprise.cdi-api-4.1.0.jar:/Users/babyboy/.m2/repository/jakarta/enterprise/jakarta.enterprise.lang-model/4.1.0/jakarta.enterprise.lang-model-4.1.0.jar:/Users/babyboy/.m2/repository/jakarta/el/jakarta.el-api/6.0.1/jakarta.el-api-6.0.1.jar:/Users/babyboy/.m2/repository/jakarta/interceptor/jakarta.interceptor-api/2.2.0/jakarta.interceptor-api-2.2.0.jar:/Users/babyboy/.m2/repository/jakarta/ws/rs/jakarta.ws.rs-api/3.1.0/jakarta.ws.rs-api-3.1.0.jar:/Users/babyboy/.m2/repository/jakarta/annotation/jakarta.annotation-api/3.0.0/jakarta.annotation-api-3.0.0.jar:/Users/babyboy/.m2/repository/org/jboss/logging/commons-logging-jboss-logging/1.0.0.Final/commons-logging-jboss-logging-1.0.0.Final.jar:/Users/babyboy/.m2/repository/jakarta/xml/bind/jakarta.xml.bind-api/4.0.2/jakarta.xml.bind-api-4.0.2.jar:/Users/babyboy/.m2/repository/jakarta/activation/jakarta.activation-api/2.1.3/jakarta.activation-api-2.1.3.jar:/Users/babyboy/.m2/repository/org/jboss/logging/jboss-logging/3.6.1.Final/jboss-logging-3.6.1.Final.jar:/Users/babyboy/.m2/repository/io/quarkus/quarkus-vertx-http/3.26.3/quarkus-vertx-http-3.26.3.jar:/Users/babyboy/.m2/repository/io/quarkus/quarkus-security-runtime-spi/3.26.3/quarkus-security-runtime-spi-3.26.3.jar:/Users/babyboy/.m2/repository/io/quarkus/quarkus-tls-registry/3.26.3/quarkus-tls-registry-3.26.3.jar:/Users/babyboy/.m2/repository/io/quarkus/quarkus-tls-registry-spi/3.26.3/quarkus-tls-registry-spi-3.26.3.jar:/Users/babyboy/.m2/repository/io/smallrye/certs/smallrye-private-key-pem-parser/0.9.2/smallrye-private-key-pem-parser-0.9.2.jar:/Users/babyboy/.m2/repository/io/quarkus/quarkus-credentials/3.26.3/quarkus-credentials-3.26.3.jar:/Users/babyboy/.m2/repository/io/smallrye/common/smallrye-common-vertx-context/2.13.8/smallrye-common-vertx-context-2.13.8.jar:/Users/babyboy/.m2/repository/io/smallrye/common/smallrye-common-constraint/2.13.8/smallrye-common-constraint-2.13.8.jar:/Users/babyboy/.m2/repository/io/quarkus/security/quarkus-security/2.2.1/quarkus-security-2.2.1.jar:/Users/babyboy/.m2/repository/io/smallrye/reactive/smallrye-mutiny-vertx-web/3.19.2/smallrye-mutiny-vertx-web-3.19.2.jar:/Users/babyboy/.m2/repository/io/smallrye/reactive/smallrye-mutiny-vertx-web-common/3.19.2/smallrye-mutiny-vertx-web-common-3.19.2.jar:/Users/babyboy/.m2/repository/io/smallrye/reactive/smallrye-mutiny-vertx-auth-common/3.19.2/smallrye-mutiny-vertx-auth-common-3.19.2.jar:/Users/babyboy/.m2/repository/io/smallrye/reactive/smallrye-mutiny-vertx-bridge-common/3.19.2/smallrye-mutiny-vertx-bridge-common-3.19.2.jar:/Users/babyboy/.m2/repository/io/smallrye/reactive/smallrye-mutiny-vertx-uri-template/3.19.2/smallrye-mutiny-vertx-uri-template-3.19.2.jar:/Users/babyboy/.m2/repository/io/vertx/vertx-uri-template/4.5.21/vertx-uri-template-4.5.21.jar:/Users/babyboy/.m2/repository/org/crac/crac/1.5.0/crac-1.5.0.jar:/Users/babyboy/.m2/repository/com/aayushatharva/brotli4j/brotli4j/1.16.0/brotli4j-1.16.0.jar:/Users/babyboy/.m2/repository/com/aayushatharva/brotli4j/service/1.16.0/service-1.16.0.jar:/Users/babyboy/.m2/repository/com/aayushatharva/brotli4j/native-osx-aarch64/1.16.0/native-osx-aarch64-1.16.0.jar:/Users/babyboy/.m2/repository/io/quarkus/quarkus-jsonp/3.26.3/quarkus-jsonp-3.26.3.jar:/Users/babyboy/.m2/repository/org/eclipse/parsson/parsson/1.1.7/parsson-1.1.7.jar:/Users/babyboy/.m2/repository/jakarta/json/jakarta.json-api/2.1.3/jakarta.json-api-2.1.3.jar:/Users/babyboy/.m2/repository/io/quarkus/quarkus-virtual-threads/3.26.3/quarkus-virtual-threads-3.26.3.jar:/Users/babyboy/.m2/repository/io/vertx/vertx-core/4.5.21/vertx-core-4.5.21.jar:/Users/babyboy/.m2/repository/io/netty/netty-common/4.1.127.Final/netty-common-4.1.127.Final.jar:/Users/babyboy/.m2/repository/io/netty/netty-buffer/4.1.127.Final/netty-buffer-4.1.127.Final.jar:/Users/babyboy/.m2/repository/io/netty/netty-transport/4.1.127.Final/netty-transport-4.1.127.Final.jar:/Users/babyboy/.m2/repository/io/netty/netty-handler/4.1.127.Final/netty-handler-4.1.127.Final.jar:/Users/babyboy/.m2/repository/io/netty/netty-transport-native-unix-common/4.1.127.Final/netty-transport-native-unix-common-4.1.127.Final.jar:/Users/babyboy/.m2/repository/io/netty/netty-handler-proxy/4.1.127.Final/netty-handler-proxy-4.1.127.Final.jar:/Users/babyboy/.m2/repository/io/netty/netty-codec-socks/4.1.127.Final/netty-codec-socks-4.1.127.Final.jar:/Users/babyboy/.m2/repository/io/netty/netty-codec-http/4.1.127.Final/netty-codec-http-4.1.127.Final.jar:/Users/babyboy/.m2/repository/io/netty/netty-codec-http2/4.1.127.Final/netty-codec-http2-4.1.127.Final.jar:/Users/babyboy/.m2/repository/io/netty/netty-resolver/4.1.127.Final/netty-resolver-4.1.127.Final.jar:/Users/babyboy/.m2/repository/io/netty/netty-resolver-dns/4.1.127.Final/netty-resolver-dns-4.1.127.Final.jar:/Users/babyboy/.m2/repository/io/netty/netty-codec-dns/4.1.127.Final/netty-codec-dns-4.1.127.Final.jar:/Users/babyboy/.m2/repository/com/fasterxml/jackson/core/jackson-core/2.19.2/jackson-core-2.19.2.jar:/Users/babyboy/.m2/repository/io/quarkus/quarkus-arc/3.26.3/quarkus-arc-3.26.3.jar:/Users/babyboy/.m2/repository/io/quarkus/arc/arc/3.26.3/arc-3.26.3.jar:/Users/babyboy/.m2/repository/jakarta/transaction/jakarta.transaction-api/2.0.1/jakarta.transaction-api-2.0.1.jar:/Users/babyboy/.m2/repository/io/smallrye/reactive/mutiny/2.9.4/mutiny-2.9.4.jar:/Users/babyboy/.m2/repository/org/jctools/jctools-core/4.0.5/jctools-core-4.0.5.jar:/Users/babyboy/.m2/repository/io/quarkus/quarkus-core/3.26.3/quarkus-core-3.26.3.jar:/Users/babyboy/.m2/repository/jakarta/inject/jakarta.inject-api/2.0.1/jakarta.inject-api-2.0.1.jar:/Users/babyboy/.m2/repository/io/smallrye/common/smallrye-common-os/2.13.8/smallrye-common-os-2.13.8.jar:/Users/babyboy/.m2/repository/io/quarkus/quarkus-ide-launcher/3.26.3/quarkus-ide-launcher-3.26.3.jar:/Users/babyboy/.m2/repository/io/quarkus/quarkus-development-mode-spi/3.26.3/quarkus-development-mode-spi-3.26.3.jar:/Users/babyboy/.m2/repository/io/smallrye/config/smallrye-config/3.13.4/smallrye-config-3.13.4.jar:/Users/babyboy/.m2/repository/io/smallrye/config/smallrye-config-core/3.13.4/smallrye-config-core-3.13.4.jar:/Users/babyboy/.m2/repository/org/eclipse/microprofile/config/microprofile-config-api/3.1/microprofile-config-api-3.1.jar:/Users/babyboy/.m2/repository/io/smallrye/common/smallrye-common-classloader/2.13.8/smallrye-common-classloader-2.13.8.jar:/Users/babyboy/.m2/repository/io/smallrye/config/smallrye-config-common/3.13.4/smallrye-config-common-3.13.4.jar:/Users/babyboy/.m2/repository/org/jboss/logmanager/jboss-logmanager/3.1.2.Final/jboss-logmanager-3.1.2.Final.jar:/Users/babyboy/.m2/repository/io/smallrye/common/smallrye-common-cpu/2.13.8/smallrye-common-cpu-2.13.8.jar:/Users/babyboy/.m2/repository/io/smallrye/common/smallrye-common-expression/2.13.8/smallrye-common-expression-2.13.8.jar:/Users/babyboy/.m2/repository/io/smallrye/common/smallrye-common-net/2.13.8/smallrye-common-net-2.13.8.jar:/Users/babyboy/.m2/repository/io/smallrye/common/smallrye-common-ref/2.13.8/smallrye-common-ref-2.13.8.jar:/Users/babyboy/.m2/repository/org/jboss/threads/jboss-threads/3.9.1/jboss-threads-3.9.1.jar:/Users/babyboy/.m2/repository/io/smallrye/common/smallrye-common-function/2.13.8/smallrye-common-function-2.13.8.jar:/Users/babyboy/.m2/repository/org/slf4j/slf4j-api/2.0.17/slf4j-api-2.0.17.jar:/Users/babyboy/.m2/repository/org/jboss/slf4j/slf4j-jboss-logmanager/2.0.0.Final/slf4j-jboss-logmanager-2.0.0.Final.jar:/Users/babyboy/.m2/repository/org/wildfly/common/wildfly-common/2.0.1/wildfly-common-2.0.1.jar:/Users/babyboy/.m2/repository/io/quarkus/quarkus-bootstrap-runner/3.26.3/quarkus-bootstrap-runner-3.26.3.jar:/Users/babyboy/.m2/repository/io/quarkus/quarkus-fs-util/1.1.0/quarkus-fs-util-1.1.0.jar:/Users/babyboy/.m2/repository/org/eclipse/microprofile/context-propagation/microprofile-context-propagation-api/1.3/microprofile-context-propagation-api-1.3.jar:/Users/babyboy/.m2/repository/io/quarkus/quarkus-junit5/3.26.3/quarkus-junit5-3.26.3.jar:/Users/babyboy/.m2/repository/io/quarkus/quarkus-bootstrap-core/3.26.3/quarkus-bootstrap-core-3.26.3.jar:/Users/babyboy/.m2/repository/io/quarkus/quarkus-classloader-commons/3.26.3/quarkus-classloader-commons-3.26.3.jar:/Users/babyboy/.m2/repository/io/quarkus/quarkus-bootstrap-app-model/3.26.3/quarkus-bootstrap-app-model-3.26.3.jar:/Users/babyboy/.m2/repository/io/smallrye/common/smallrye-common-io/2.13.8/smallrye-common-io-2.13.8.jar:/Users/babyboy/.m2/repository/org/eclipse/sisu/org.eclipse.sisu.inject/0.9.0.M4/org.eclipse.sisu.inject-0.9.0.M4.jar:/Users/babyboy/.m2/repository/org/ow2/asm/asm/9.8/asm-9.8.jar:/Users/babyboy/.m2/repository/io/quarkus/quarkus-test-common/3.26.3/quarkus-test-common-3.26.3.jar:/Users/babyboy/.m2/repository/io/quarkus/quarkus-core-deployment/3.26.3/quarkus-core-deployment-3.26.3.jar:/Users/babyboy/.m2/repository/org/aesh/readline/2.6/readline-2.6.jar:/Users/babyboy/.m2/repository/org/fusesource/jansi/jansi/2.4.0/jansi-2.4.0.jar:/Users/babyboy/.m2/repository/org/aesh/aesh/2.8.2/aesh-2.8.2.jar:/Users/babyboy/.m2/repository/io/quarkus/gizmo/gizmo/1.9.0/gizmo-1.9.0.jar:/Users/babyboy/.m2/repository/org/ow2/asm/asm-util/9.8/asm-util-9.8.jar:/Users/babyboy/.m2/repository/org/ow2/asm/asm-analysis/9.8/asm-analysis-9.8.jar:/Users/babyboy/.m2/repository/io/quarkus/gizmo/gizmo2/2.0.0.Beta6/gizmo2-2.0.0.Beta6.jar:/Users/babyboy/.m2/repository/io/github/dmlloyd/jdk-classfile-backport/24.0/jdk-classfile-backport-24.0.jar:/Users/babyboy/.m2/repository/io/smallrye/common/smallrye-common-resource/2.13.8/smallrye-common-resource-2.13.8.jar:/Users/babyboy/.m2/repository/io/smallrye/jandex-gizmo2/3.4.0/jandex-gizmo2-3.4.0.jar:/Users/babyboy/.m2/repository/io/smallrye/common/smallrye-common-process/2.13.8/smallrye-common-process-2.13.8.jar:/Users/babyboy/.m2/repository/org/ow2/asm/asm-commons/9.8/asm-commons-9.8.jar:/Users/babyboy/.m2/repository/org/ow2/asm/asm-tree/9.8/asm-tree-9.8.jar:/Users/babyboy/.m2/repository/io/quarkus/quarkus-hibernate-validator-spi/3.26.3/quarkus-hibernate-validator-spi-3.26.3.jar:/Users/babyboy/.m2/repository/io/quarkus/quarkus-class-change-agent/3.26.3/quarkus-class-change-agent-3.26.3.jar:/Users/babyboy/.m2/repository/io/quarkus/quarkus-builder/3.26.3/quarkus-builder-3.26.3.jar:/Users/babyboy/.m2/repository/org/graalvm/sdk/nativeimage/23.1.2/nativeimage-23.1.2.jar:/Users/babyboy/.m2/repository/org/graalvm/sdk/word/23.1.2/word-23.1.2.jar:/Users/babyboy/.m2/repository/org/junit/platform/junit-platform-launcher/1.13.4/junit-platform-launcher-1.13.4.jar:/Users/babyboy/.m2/repository/io/quarkus/quarkus-bootstrap-maven-resolver/3.26.3/quarkus-bootstrap-maven-resolver-3.26.3.jar:/Users/babyboy/.m2/repository/io/smallrye/beanbag/smallrye-beanbag-maven/1.5.3/smallrye-beanbag-maven-1.5.3.jar:/Users/babyboy/.m2/repository/io/smallrye/beanbag/smallrye-beanbag-sisu/1.5.3/smallrye-beanbag-sisu-1.5.3.jar:/Users/babyboy/.m2/repository/io/smallrye/beanbag/smallrye-beanbag/1.5.3/smallrye-beanbag-1.5.3.jar:/Users/babyboy/.m2/repository/javax/inject/javax.inject/1/javax.inject-1.jar:/Users/babyboy/.m2/repository/org/apache/maven/maven-artifact/3.9.9/maven-artifact-3.9.9.jar:/Users/babyboy/.m2/repository/org/apache/maven/maven-builder-support/3.9.9/maven-builder-support-3.9.9.jar:/Users/babyboy/.m2/repository/org/apache/maven/maven-model/3.9.9/maven-model-3.9.9.jar:/Users/babyboy/.m2/repository/org/apache/maven/maven-model-builder/3.9.9/maven-model-builder-3.9.9.jar:/Users/babyboy/.m2/repository/org/apache/maven/maven-repository-metadata/3.9.9/maven-repository-metadata-3.9.9.jar:/Users/babyboy/.m2/repository/org/apache/maven/maven-settings/3.9.9/maven-settings-3.9.9.jar:/Users/babyboy/.m2/repository/org/apache/maven/resolver/maven-resolver-api/1.9.22/maven-resolver-api-1.9.22.jar:/Users/babyboy/.m2/repository/org/apache/maven/resolver/maven-resolver-impl/1.9.22/maven-resolver-impl-1.9.22.jar:/Users/babyboy/.m2/repository/org/apache/maven/resolver/maven-resolver-named-locks/1.9.22/maven-resolver-named-locks-1.9.22.jar:/Users/babyboy/.m2/repository/org/apache/maven/resolver/maven-resolver-spi/1.9.22/maven-resolver-spi-1.9.22.jar:/Users/babyboy/.m2/repository/org/apache/maven/resolver/maven-resolver-util/1.9.22/maven-resolver-util-1.9.22.jar:/Users/babyboy/.m2/repository/org/apache/maven/resolver/maven-resolver-transport-http/1.9.23/maven-resolver-transport-http-1.9.23.jar:/Users/babyboy/.m2/repository/org/apache/maven/wagon/wagon-provider-api/3.5.3/wagon-provider-api-3.5.3.jar:/Users/babyboy/.m2/repository/org/apache/maven/wagon/wagon-http-shared/3.5.3/wagon-http-shared-3.5.3.jar:/Users/babyboy/.m2/repository/org/codehaus/plexus/plexus-interpolation/1.26/plexus-interpolation-1.26.jar:/Users/babyboy/.m2/repository/org/codehaus/plexus/plexus-utils/3.5.1/plexus-utils-3.5.1.jar:/Users/babyboy/.m2/repository/org/codehaus/plexus/plexus-xml/4.0.2/plexus-xml-4.0.2.jar:/Users/babyboy/.m2/repository/org/apache/maven/maven-xml-impl/4.0.0-alpha-7/maven-xml-impl-4.0.0-alpha-7.jar:/Users/babyboy/.m2/repository/org/apache/maven/maven-api-xml/4.0.0-alpha-7/maven-api-xml-4.0.0-alpha-7.jar:/Users/babyboy/.m2/repository/org/apache/maven/maven-api-meta/4.0.0-alpha-7/maven-api-meta-4.0.0-alpha-7.jar:/Users/babyboy/.m2/repository/org/codehaus/plexus/plexus-cipher/2.0/plexus-cipher-2.0.jar:/Users/babyboy/.m2/repository/org/codehaus/plexus/plexus-sec-dispatcher/2.0/plexus-sec-dispatcher-2.0.jar:/Users/babyboy/.m2/repository/io/quarkus/quarkus-bootstrap-maven4-resolver/3.26.3/quarkus-bootstrap-maven4-resolver-3.26.3.jar:/Users/babyboy/.m2/repository/org/apache/maven/maven-embedder/3.9.9/maven-embedder-3.9.9.jar:/Users/babyboy/.m2/repository/org/apache/maven/maven-core/3.9.9/maven-core-3.9.9.jar:/Users/babyboy/.m2/repository/org/codehaus/plexus/plexus-component-annotations/2.1.0/plexus-component-annotations-2.1.0.jar:/Users/babyboy/.m2/repository/org/apache/maven/maven-plugin-api/3.9.9/maven-plugin-api-3.9.9.jar:/Users/babyboy/.m2/repository/org/apache/maven/shared/maven-shared-utils/3.4.2/maven-shared-utils-3.4.2.jar:/Users/babyboy/.m2/repository/com/google/inject/guice/5.1.0/guice-5.1.0.jar:/Users/babyboy/.m2/repository/aopalliance/aopalliance/1.0/aopalliance-1.0.jar:/Users/babyboy/.m2/repository/javax/annotation/javax.annotation-api/1.3.2/javax.annotation-api-1.3.2.jar:/Users/babyboy/.m2/repository/org/codehaus/plexus/plexus-classworlds/2.6.0/plexus-classworlds-2.6.0.jar:/Users/babyboy/.m2/repository/commons-cli/commons-cli/1.8.0/commons-cli-1.8.0.jar:/Users/babyboy/.m2/repository/org/eclipse/sisu/org.eclipse.sisu.plexus/0.9.0.M4/org.eclipse.sisu.plexus-0.9.0.M4.jar:/Users/babyboy/.m2/repository/org/apache/maven/maven-settings-builder/3.9.9/maven-settings-builder-3.9.9.jar:/Users/babyboy/.m2/repository/org/apache/maven/maven-resolver-provider/3.9.9/maven-resolver-provider-3.9.9.jar:/Users/babyboy/.m2/repository/org/apache/maven/resolver/maven-resolver-connector-basic/1.9.22/maven-resolver-connector-basic-1.9.22.jar:/Users/babyboy/.m2/repository/org/apache/maven/resolver/maven-resolver-transport-wagon/1.9.22/maven-resolver-transport-wagon-1.9.22.jar:/Users/babyboy/.m2/repository/org/apache/maven/wagon/wagon-http/3.5.3/wagon-http-3.5.3.jar:/Users/babyboy/.m2/repository/org/apache/maven/wagon/wagon-file/3.5.3/wagon-file-3.5.3.jar:/Users/babyboy/.m2/repository/io/quarkus/quarkus-bootstrap-gradle-resolver/3.26.3/quarkus-bootstrap-gradle-resolver-3.26.3.jar:/Users/babyboy/.m2/repository/io/smallrye/jandex/3.4.0/jandex-3.4.0.jar:/Users/babyboy/.m2/repository/io/quarkus/quarkus-junit5-config/3.26.3/quarkus-junit5-config-3.26.3.jar:/Users/babyboy/.m2/repository/org/junit/jupiter/junit-jupiter-api/5.13.4/junit-jupiter-api-5.13.4.jar:/Users/babyboy/.m2/repository/org/opentest4j/opentest4j/1.3.0/opentest4j-1.3.0.jar:/Users/babyboy/.m2/repository/org/junit/platform/junit-platform-commons/1.13.4/junit-platform-commons-1.13.4.jar:/Users/babyboy/.m2/repository/org/apiguardian/apiguardian-api/1.1.2/apiguardian-api-1.1.2.jar:/Users/babyboy/.m2/repository/org/junit/jupiter/junit-jupiter/5.13.4/junit-jupiter-5.13.4.jar:/Users/babyboy/.m2/repository/org/junit/jupiter/junit-jupiter-params/5.13.4/junit-jupiter-params-5.13.4.jar:/Users/babyboy/.m2/repository/org/junit/jupiter/junit-jupiter-engine/5.13.4/junit-jupiter-engine-5.13.4.jar:/Users/babyboy/.m2/repository/org/junit/platform/junit-platform-engine/1.13.4/junit-platform-engine-1.13.4.jar:/Users/babyboy/.m2/repository/io/rest-assured/rest-assured/5.5.6/rest-assured-5.5.6.jar:/Users/babyboy/.m2/repository/org/apache/groovy/groovy/4.0.22/groovy-4.0.22.jar:/Users/babyboy/.m2/repository/org/apache/groovy/groovy-xml/4.0.22/groovy-xml-4.0.22.jar:/Users/babyboy/.m2/repository/org/apache/httpcomponents/httpclient/4.5.14/httpclient-4.5.14.jar:/Users/babyboy/.m2/repository/org/apache/httpcomponents/httpcore/4.4.16/httpcore-4.4.16.jar:/Users/babyboy/.m2/repository/commons-codec/commons-codec/1.19.0/commons-codec-1.19.0.jar:/Users/babyboy/.m2/repository/org/apache/httpcomponents/httpmime/4.5.14/httpmime-4.5.14.jar:/Users/babyboy/.m2/repository/org/hamcrest/hamcrest/2.2/hamcrest-2.2.jar:/Users/babyboy/.m2/repository/org/ccil/cowan/tagsoup/tagsoup/1.2.1/tagsoup-1.2.1.jar:/Users/babyboy/.m2/repository/io/rest-assured/json-path/5.5.6/json-path-5.5.6.jar:/Users/babyboy/.m2/repository/org/apache/groovy/groovy-json/4.0.22/groovy-json-4.0.22.jar:/Users/babyboy/.m2/repository/io/rest-assured/rest-assured-common/5.5.6/rest-assured-common-5.5.6.jar:/Users/babyboy/.m2/repository/io/rest-assured/xml-path/5.5.6/xml-path-5.5.6.jar:/Users/babyboy/.m2/repository/org/apache/commons/commons-lang3/3.18.0/commons-lang3-3.18.0.jar:/Users/babyboy/.m2/repository/com/google/code/gson/gson/2.11.0/gson-2.11.0.jar:/Users/babyboy/.m2/repository/com/google/errorprone/error_prone_annotations/2.41.0/error_prone_annotations-2.41.0.jar:/Users/babyboy/.m2/repository/com/google/guava/guava/33.5.0-jre/guava-33.5.0-jre.jar:/Users/babyboy/.m2/repository/com/google/guava/failureaccess/1.0.1/failureaccess-1.0.1.jar:/Users/babyboy/.m2/repository/org/jspecify/jspecify/1.0.0/jspecify-1.0.0.jar:/Users/babyboy/.m2/repository/com/google/j2objc/j2objc-annotations/2.8/j2objc-annotations-2.8.jar:/Users/babyboy/.m2/repository/commons-io/commons-io/1.3.2/commons-io-1.3.2.jar:"/>
    <property name="sun.cpu.endian" value="little"/>
    <property name="user.home" value="/Users/babyboy"/>
    <property name="user.language" value="en"/>
    <property name="java.specification.vendor" value="Oracle Corporation"/>
    <property name="java.version.date" value="2025-07-15"/>
    <property name="java.home" value="/Users/babyboy/.sdkman/candidates/java/21.0.8-amzn"/>
    <property name="file.separator" value="/"/>
    <property name="basedir" value="/Users/babyboy/mumma/oss/rag-a-muffin/rag-a-muffin/prompt_engineering_quarkus"/>
    <property name="java.vm.compressedOopsMode" value="Zero based"/>
    <property name="line.separator" value="&#10;"/>
    <property name="java.vm.specification.vendor" value="Oracle Corporation"/>
    <property name="java.specification.name" value="Java Platform API Specification"/>
    <property name="apple.awt.application.name" value="ForkedBooter"/>
    <property name="surefire.real.class.path" value="/Users/babyboy/mumma/oss/rag-a-muffin/rag-a-muffin/prompt_engineering_quarkus/target/surefire/surefirebooter-20251028190152736_3.jar"/>
    <property name="sun.management.compiler" value="HotSpot 64-Bit Tiered Compilers"/>
    <property name="ftp.nonProxyHosts" value="local|*.local|169.254/16|*.169.254/16"/>
    <property name="java.runtime.version" value="21.0.8+9-LTS"/>
    <property name="user.name" value="babyboy"/>
    <property name="stdout.encoding" value="UTF-8"/>
    <property name="path.separator" value=":"/>
    <property name="os.version" value="15.6.1"/>
    <property name="java.runtime.name" value="OpenJDK Runtime Environment"/>
    <property name="file.encoding" value="UTF-8"/>
    <property name="java.vm.name" value="OpenJDK 64-Bit Server VM"/>
    <property name="java.vendor.version" value="Corretto-21.0.8.9.1"/>
    <property name="localRepository" value="/Users/babyboy/.m2/repository"/>
    <property name="java.vendor.url.bug" value="https://github.com/corretto/corretto-21/issues/"/>
    <property name="java.io.tmpdir" value="/var/folders/r6/l7_nr28x34304gm39wdt89hm0000gn/T/"/>
    <property name="java.version" value="21.0.8"/>
    <property name="user.dir" value="/Users/babyboy/mumma/oss/rag-a-muffin/rag-a-muffin/prompt_engineering_quarkus"/>
    <property name="os.arch" value="aarch64"/>
    <property name="java.vm.specification.name" value="Java Virtual Machine Specification"/>
    <property name="native.encoding" value="UTF-8"/>
    <property name="java.util.logging.manager" value="org.jboss.logmanager.LogManager"/>
    <property name="java.library.path" value="/Users/babyboy/Library/Java/Extensions:/Library/Java/Extensions:/Network/Library/Java/Extensions:/System/Library/Java/Extensions:/usr/lib/java:."/>
    <property name="jdk.console" value="java.base"/>
    <property name="java.vm.info" value="mixed mode, sharing"/>
    <property name="stderr.encoding" value="UTF-8"/>
    <property name="java.vendor" value="Amazon.com Inc."/>
    <property name="java.vm.version" value="21.0.8+9-LTS"/>
    <property name="sun.io.unicode.encoding" value="UnicodeBig"/>
    <property name="socksNonProxyHosts" value="local|*.local|169.254/16|*.169.254/16"/>
    <property name="java.class.version" value="65.0"/>
  </properties>
  <testcase name="testOrchestrate" classname="ai.braineous.app.fno.services.FNOOrchestratorTests" time="0.003">
    <system-out><![CDATA[____flights_events____
[{"id":"F100","number":"F100","origin":"AUS","dest":"DFW","dep_utc":"2025-10-22T10:00:00Z","arr_utc":"2025-10-22T11:10:00Z","capacity":150,"equipment":"320"},{"id":"F102","number":"F102","origin":"AUS","dest":"DFW","dep_utc":"2025-10-22T11:30:00Z","arr_utc":"2025-10-22T12:40:00Z","capacity":150,"equipment":"320"},{"id":"F110","number":"F110","origin":"SAT","dest":"DFW","dep_utc":"2025-10-22T11:10:00Z","arr_utc":"2025-10-22T12:15:00Z","capacity":150,"equipment":"320"},{"id":"F120","number":"F120","origin":"IAH","dest":"DFW","dep_utc":"2025-10-22T11:20:00Z","arr_utc":"2025-10-22T12:25:00Z","capacity":150,"equipment":"319"},{"id":"F200","number":"F200","origin":"DFW","dest":"ORD","dep_utc":"2025-10-22T13:30:00Z","arr_utc":"2025-10-22T16:50:00Z","capacity":150,"equipment":"738"},{"id":"F210","number":"F210","origin":"DFW","dest":"JFK","dep_utc":"2025-10-22T13:20:00Z","arr_utc":"2025-10-22T17:10:00Z","capacity":150,"equipment":"321"},{"id":"F220","number":"F220","origin":"DFW","dest":"LAX","dep_utc":"2025-10-22T13:45:00Z","arr_utc":"2025-10-22T15:20:00Z","capacity":150,"equipment":"73G"}]
____flights____
[Flight [json={"id":"F100","number":"F100","origin":"AUS","dest":"DFW","dep_utc":"2025-10-22T10:00:00Z","arr_utc":"2025-10-22T11:10:00Z","capacity":150,"equipment":"320"}], Flight [json={"id":"F102","number":"F102","origin":"AUS","dest":"DFW","dep_utc":"2025-10-22T11:30:00Z","arr_utc":"2025-10-22T12:40:00Z","capacity":150,"equipment":"320"}], Flight [json={"id":"F110","number":"F110","origin":"SAT","dest":"DFW","dep_utc":"2025-10-22T11:10:00Z","arr_utc":"2025-10-22T12:15:00Z","capacity":150,"equipment":"320"}], Flight [json={"id":"F120","number":"F120","origin":"IAH","dest":"DFW","dep_utc":"2025-10-22T11:20:00Z","arr_utc":"2025-10-22T12:25:00Z","capacity":150,"equipment":"319"}], Flight [json={"id":"F200","number":"F200","origin":"DFW","dest":"ORD","dep_utc":"2025-10-22T13:30:00Z","arr_utc":"2025-10-22T16:50:00Z","capacity":150,"equipment":"738"}], Flight [json={"id":"F210","number":"F210","origin":"DFW","dest":"JFK","dep_utc":"2025-10-22T13:20:00Z","arr_utc":"2025-10-22T17:10:00Z","capacity":150,"equipment":"321"}], Flight [json={"id":"F220","number":"F220","origin":"DFW","dest":"LAX","dep_utc":"2025-10-22T13:45:00Z","arr_utc":"2025-10-22T15:20:00Z","capacity":150,"equipment":"73G"}]]
____facts____
[Fact [id=Airport:AUS, text=Airport(AUS, 'AUS'), feats=null], Fact [id=Airport:DFW, text=Airport(DFW, 'DFW'), feats=null], Fact [id=Flight:F100, text=Flight(id:'F100', AUS, DFW, '2025-10-22T10:00:00Z', '2025-10-22T11:10:00Z'), feats=null], Fact [id=Airport:AUS, text=Airport(AUS, 'AUS'), feats=null], Fact [id=Airport:DFW, text=Airport(DFW, 'DFW'), feats=null], Fact [id=Flight:F102, text=Flight(id:'F102', AUS, DFW, '2025-10-22T11:30:00Z', '2025-10-22T12:40:00Z'), feats=null], Fact [id=Airport:SAT, text=Airport(SAT, 'SAT'), feats=null], Fact [id=Airport:DFW, text=Airport(DFW, 'DFW'), feats=null], Fact [id=Flight:F110, text=Flight(id:'F110', SAT, DFW, '2025-10-22T11:10:00Z', '2025-10-22T12:15:00Z'), feats=null], Fact [id=Airport:IAH, text=Airport(IAH, 'IAH'), feats=null], Fact [id=Airport:DFW, text=Airport(DFW, 'DFW'), feats=null], Fact [id=Flight:F120, text=Flight(id:'F120', IAH, DFW, '2025-10-22T11:20:00Z', '2025-10-22T12:25:00Z'), feats=null], Fact [id=Airport:DFW, text=Airport(DFW, 'DFW'), feats=null], Fact [id=Airport:ORD, text=Airport(ORD, 'ORD'), feats=null], Fact [id=Flight:F200, text=Flight(id:'F200', DFW, ORD, '2025-10-22T13:30:00Z', '2025-10-22T16:50:00Z'), feats=null], Fact [id=Airport:DFW, text=Airport(DFW, 'DFW'), feats=null], Fact [id=Airport:JFK, text=Airport(JFK, 'JFK'), feats=null], Fact [id=Flight:F210, text=Flight(id:'F210', DFW, JFK, '2025-10-22T13:20:00Z', '2025-10-22T17:10:00Z'), feats=null], Fact [id=Airport:DFW, text=Airport(DFW, 'DFW'), feats=null], Fact [id=Airport:LAX, text=Airport(LAX, 'LAX'), feats=null], Fact [id=Flight:F220, text=Flight(id:'F220', DFW, LAX, '2025-10-22T13:45:00Z', '2025-10-22T15:20:00Z'), feats=null]]
____rules____
[{"id":"R_airport_node_AUS","note":"Create airport node.","when":["Airport($code, $name)"],"then":[{"emit":"GraphNode(AUS, 'airport', $name)"}],"weight":0.8}, {"id":"R_airport_node_DFW","note":"Create airport node.","when":["Airport($code, $name)"],"then":[{"emit":"GraphNode(DFW, 'airport', $name)"}],"weight":0.8}, {"id":"R_airport_node_SAT","note":"Create airport node.","when":["Airport($code, $name)"],"then":[{"emit":"GraphNode(SAT, 'airport', $name)"}],"weight":0.8}, {"id":"R_airport_node_IAH","note":"Create airport node.","when":["Airport($code, $name)"],"then":[{"emit":"GraphNode(IAH, 'airport', $name)"}],"weight":0.8}, {"id":"R_airport_node_ORD","note":"Create airport node.","when":["Airport($code, $name)"],"then":[{"emit":"GraphNode(ORD, 'airport', $name)"}],"weight":0.8}, {"id":"R_airport_node_JFK","note":"Create airport node.","when":["Airport($code, $name)"],"then":[{"emit":"GraphNode(JFK, 'airport', $name)"}],"weight":0.8}, {"id":"R_airport_node_LAX","note":"Create airport node.","when":["Airport($code, $name)"],"then":[{"emit":"GraphNode(LAX, 'airport', $name)"}],"weight":0.8}, {"id":"R_flight_edge","note":"Create flight edge from Flight facts.","when":["Flight(id:$fid, $src, $dst, $depUtc, $arrUtc)"],"then":[{"emit":"GraphEdge($src, $dst, $depUtc, $arrUtc, 'fly', id:$fid)"}],"weight":1.0}]
____llm_bridge____
[Fact [id=Airport:AUS, text=Airport(AUS, 'AUS'), feats=null], Fact [id=Airport:DFW, text=Airport(DFW, 'DFW'), feats=null], Fact [id=Flight:F100, text=Flight(id:'F100', AUS, DFW, '2025-10-22T10:00:00Z', '2025-10-22T11:10:00Z'), feats=null], Fact [id=Airport:AUS, text=Airport(AUS, 'AUS'), feats=null], Fact [id=Airport:DFW, text=Airport(DFW, 'DFW'), feats=null], Fact [id=Flight:F102, text=Flight(id:'F102', AUS, DFW, '2025-10-22T11:30:00Z', '2025-10-22T12:40:00Z'), feats=null], Fact [id=Airport:SAT, text=Airport(SAT, 'SAT'), feats=null], Fact [id=Airport:DFW, text=Airport(DFW, 'DFW'), feats=null], Fact [id=Flight:F110, text=Flight(id:'F110', SAT, DFW, '2025-10-22T11:10:00Z', '2025-10-22T12:15:00Z'), feats=null], Fact [id=Airport:IAH, text=Airport(IAH, 'IAH'), feats=null], Fact [id=Airport:DFW, text=Airport(DFW, 'DFW'), feats=null], Fact [id=Flight:F120, text=Flight(id:'F120', IAH, DFW, '2025-10-22T11:20:00Z', '2025-10-22T12:25:00Z'), feats=null], Fact [id=Airport:DFW, text=Airport(DFW, 'DFW'), feats=null], Fact [id=Airport:ORD, text=Airport(ORD, 'ORD'), feats=null], Fact [id=Flight:F200, text=Flight(id:'F200', DFW, ORD, '2025-10-22T13:30:00Z', '2025-10-22T16:50:00Z'), feats=null], Fact [id=Airport:DFW, text=Airport(DFW, 'DFW'), feats=null], Fact [id=Airport:JFK, text=Airport(JFK, 'JFK'), feats=null], Fact [id=Flight:F210, text=Flight(id:'F210', DFW, JFK, '2025-10-22T13:20:00Z', '2025-10-22T17:10:00Z'), feats=null], Fact [id=Airport:DFW, text=Airport(DFW, 'DFW'), feats=null], Fact [id=Airport:LAX, text=Airport(LAX, 'LAX'), feats=null], Fact [id=Flight:F220, text=Flight(id:'F220', DFW, LAX, '2025-10-22T13:45:00Z', '2025-10-22T15:20:00Z'), feats=null]]
____llm_bridge____
[{"id":"R_airport_node_AUS","note":"Create airport node.","when":["Airport($code, $name)"],"then":[{"emit":"GraphNode(AUS, 'airport', $name)"}],"weight":0.8}, {"id":"R_airport_node_DFW","note":"Create airport node.","when":["Airport($code, $name)"],"then":[{"emit":"GraphNode(DFW, 'airport', $name)"}],"weight":0.8}, {"id":"R_airport_node_SAT","note":"Create airport node.","when":["Airport($code, $name)"],"then":[{"emit":"GraphNode(SAT, 'airport', $name)"}],"weight":0.8}, {"id":"R_airport_node_IAH","note":"Create airport node.","when":["Airport($code, $name)"],"then":[{"emit":"GraphNode(IAH, 'airport', $name)"}],"weight":0.8}, {"id":"R_airport_node_ORD","note":"Create airport node.","when":["Airport($code, $name)"],"then":[{"emit":"GraphNode(ORD, 'airport', $name)"}],"weight":0.8}, {"id":"R_airport_node_JFK","note":"Create airport node.","when":["Airport($code, $name)"],"then":[{"emit":"GraphNode(JFK, 'airport', $name)"}],"weight":0.8}, {"id":"R_airport_node_LAX","note":"Create airport node.","when":["Airport($code, $name)"],"then":[{"emit":"GraphNode(LAX, 'airport', $name)"}],"weight":0.8}, {"id":"R_flight_edge","note":"Create flight edge from Flight facts.","when":["Flight(id:$fid, $src, $dst, $depUtc, $arrUtc)"],"then":[{"emit":"GraphEdge($src, $dst, $depUtc, $arrUtc, 'fly', id:$fid)"}],"weight":1.0}]
____llm_bridge_orchestrate____
ReasoningContext{facts=[Fact [id=Airport:AUS, text=Airport(AUS, 'AUS'), feats=null], Fact [id=Airport:DFW, text=Airport(DFW, 'DFW'), feats=null], Fact [id=Flight:F100, text=Flight(id:'F100', AUS, DFW, '2025-10-22T10:00:00Z', '2025-10-22T11:10:00Z'), feats=null], Fact [id=Airport:AUS, text=Airport(AUS, 'AUS'), feats=null], Fact [id=Airport:DFW, text=Airport(DFW, 'DFW'), feats=null], Fact [id=Flight:F102, text=Flight(id:'F102', AUS, DFW, '2025-10-22T11:30:00Z', '2025-10-22T12:40:00Z'), feats=null], Fact [id=Airport:SAT, text=Airport(SAT, 'SAT'), feats=null], Fact [id=Airport:DFW, text=Airport(DFW, 'DFW'), feats=null], Fact [id=Flight:F110, text=Flight(id:'F110', SAT, DFW, '2025-10-22T11:10:00Z', '2025-10-22T12:15:00Z'), feats=null], Fact [id=Airport:IAH, text=Airport(IAH, 'IAH'), feats=null], Fact [id=Airport:DFW, text=Airport(DFW, 'DFW'), feats=null], Fact [id=Flight:F120, text=Flight(id:'F120', IAH, DFW, '2025-10-22T11:20:00Z', '2025-10-22T12:25:00Z'), feats=null], Fact [id=Airport:DFW, text=Airport(DFW, 'DFW'), feats=null], Fact [id=Airport:ORD, text=Airport(ORD, 'ORD'), feats=null], Fact [id=Flight:F200, text=Flight(id:'F200', DFW, ORD, '2025-10-22T13:30:00Z', '2025-10-22T16:50:00Z'), feats=null], Fact [id=Airport:DFW, text=Airport(DFW, 'DFW'), feats=null], Fact [id=Airport:JFK, text=Airport(JFK, 'JFK'), feats=null], Fact [id=Flight:F210, text=Flight(id:'F210', DFW, JFK, '2025-10-22T13:20:00Z', '2025-10-22T17:10:00Z'), feats=null], Fact [id=Airport:DFW, text=Airport(DFW, 'DFW'), feats=null], Fact [id=Airport:LAX, text=Airport(LAX, 'LAX'), feats=null], Fact [id=Flight:F220, text=Flight(id:'F220', DFW, LAX, '2025-10-22T13:45:00Z', '2025-10-22T15:20:00Z'), feats=null]], state={}}
]]></system-out>
  </testcase>
</testsuite>