<?xml version="1.0" encoding="UTF-8"?>
<testsuite xmlns:xsi="http://www.w3.org/2001/XMLSchema-instance" xsi:noNamespaceSchemaLocation="https://maven.apache.org/surefire/maven-surefire-plugin/xsd/surefire-test-report-3.0.xsd" version="3.0" name="io.braineous.AppTest" time="0.026" tests="1" errors="0" skipped="0" failures="0">
  <properties>
    <property name="java.specification.version" value="17"/>
    <property name="sun.jnu.encoding" value="UTF-8"/>
    <property name="java.class.path" value="/Users/babyboy/mumma/oss/rag-a-muffin/rag-a-muffin/target/test-classes:/Users/babyboy/mumma/oss/rag-a-muffin/rag-a-muffin/target/classes:/Users/babyboy/.m2/repository/junit/junit/3.8.1/junit-3.8.1.jar:/Users/babyboy/.m2/repository/com/netflix/conductor/conductor-client/3.15.0/conductor-client-3.15.0.jar:/Users/babyboy/.m2/repository/org/apache/logging/log4j/log4j-core/2.17.2/log4j-core-2.17.2.jar:/Users/babyboy/.m2/repository/org/apache/logging/log4j/log4j-api/2.17.2/log4j-api-2.17.2.jar:/Users/babyboy/.m2/repository/org/apache/logging/log4j/log4j-slf4j-impl/2.17.2/log4j-slf4j-impl-2.17.2.jar:/Users/babyboy/.m2/repository/org/apache/logging/log4j/log4j-jul/2.17.2/log4j-jul-2.17.2.jar:/Users/babyboy/.m2/repository/org/apache/logging/log4j/log4j-web/2.17.2/log4j-web-2.17.2.jar:/Users/babyboy/.m2/repository/org/yaml/snakeyaml/2.0/snakeyaml-2.0.jar:/Users/babyboy/.m2/repository/com/fasterxml/jackson/core/jackson-core/2.15.0/jackson-core-2.15.0.jar:/Users/babyboy/.m2/repository/com/fasterxml/jackson/core/jackson-databind/2.15.0/jackson-databind-2.15.0.jar:/Users/babyboy/.m2/repository/com/fasterxml/jackson/dataformat/jackson-dataformat-yaml/2.15.0/jackson-dataformat-yaml-2.15.0.jar:/Users/babyboy/.m2/repository/com/fasterxml/jackson/core/jackson-annotations/2.15.0/jackson-annotations-2.15.0.jar:/Users/babyboy/.m2/repository/com/fasterxml/jackson/dataformat/jackson-dataformat-smile/2.15.0/jackson-dataformat-smile-2.15.0.jar:/Users/babyboy/.m2/repository/com/fasterxml/jackson/dataformat/jackson-dataformat-cbor/2.15.0/jackson-dataformat-cbor-2.15.0.jar:/Users/babyboy/.m2/repository/com/fasterxml/jackson/datatype/jackson-datatype-jdk8/2.15.0/jackson-datatype-jdk8-2.15.0.jar:/Users/babyboy/.m2/repository/com/fasterxml/jackson/datatype/jackson-datatype-joda/2.15.0/jackson-datatype-joda-2.15.0.jar:/Users/babyboy/.m2/repository/joda-time/joda-time/2.10.14/joda-time-2.10.14.jar:/Users/babyboy/.m2/repository/com/fasterxml/jackson/datatype/jackson-datatype-jsr310/2.15.0/jackson-datatype-jsr310-2.15.0.jar:/Users/babyboy/.m2/repository/com/fasterxml/jackson/jaxrs/jackson-jaxrs-json-provider/2.15.0/jackson-jaxrs-json-provider-2.15.0.jar:/Users/babyboy/.m2/repository/com/fasterxml/jackson/jaxrs/jackson-jaxrs-base/2.15.0/jackson-jaxrs-base-2.15.0.jar:/Users/babyboy/.m2/repository/com/fasterxml/jackson/module/jackson-module-jaxb-annotations/2.15.0/jackson-module-jaxb-annotations-2.15.0.jar:/Users/babyboy/.m2/repository/jakarta/xml/bind/jakarta.xml.bind-api/2.3.3/jakarta.xml.bind-api-2.3.3.jar:/Users/babyboy/.m2/repository/jakarta/activation/jakarta.activation-api/1.2.2/jakarta.activation-api-1.2.2.jar:/Users/babyboy/.m2/repository/com/fasterxml/jackson/module/jackson-module-afterburner/2.15.0/jackson-module-afterburner-2.15.0.jar:/Users/babyboy/.m2/repository/com/netflix/conductor/conductor-common/3.15.0/conductor-common-3.15.0.jar:/Users/babyboy/.m2/repository/com/netflix/conductor/conductor-annotations/3.15.0/conductor-annotations-3.15.0.jar:/Users/babyboy/.m2/repository/org/apache/bval/bval-jsr/2.0.6/bval-jsr-2.0.6.jar:/Users/babyboy/.m2/repository/com/google/protobuf/protobuf-java/3.24.3/protobuf-java-3.24.3.jar:/Users/babyboy/.m2/repository/com/sun/jersey/jersey-client/1.19.4/jersey-client-1.19.4.jar:/Users/babyboy/.m2/repository/com/sun/jersey/jersey-core/1.19.4/jersey-core-1.19.4.jar:/Users/babyboy/.m2/repository/javax/ws/rs/javax.ws.rs-api/2.1.1/javax.ws.rs-api-2.1.1.jar:/Users/babyboy/.m2/repository/org/glassfish/jersey/core/jersey-common/2.22.2/jersey-common-2.22.2.jar:/Users/babyboy/.m2/repository/javax/annotation/javax.annotation-api/1.2/javax.annotation-api-1.2.jar:/Users/babyboy/.m2/repository/org/glassfish/jersey/bundles/repackaged/jersey-guava/2.22.2/jersey-guava-2.22.2.jar:/Users/babyboy/.m2/repository/org/glassfish/hk2/hk2-api/2.4.0-b34/hk2-api-2.4.0-b34.jar:/Users/babyboy/.m2/repository/org/glassfish/hk2/hk2-utils/2.4.0-b34/hk2-utils-2.4.0-b34.jar:/Users/babyboy/.m2/repository/org/glassfish/hk2/external/aopalliance-repackaged/2.4.0-b34/aopalliance-repackaged-2.4.0-b34.jar:/Users/babyboy/.m2/repository/org/glassfish/hk2/external/javax.inject/2.4.0-b34/javax.inject-2.4.0-b34.jar:/Users/babyboy/.m2/repository/org/glassfish/hk2/hk2-locator/2.4.0-b34/hk2-locator-2.4.0-b34.jar:/Users/babyboy/.m2/repository/org/javassist/javassist/3.18.1-GA/javassist-3.18.1-GA.jar:/Users/babyboy/.m2/repository/org/glassfish/hk2/osgi-resource-locator/1.0.1/osgi-resource-locator-1.0.1.jar:/Users/babyboy/.m2/repository/com/netflix/spectator/spectator-api/0.122.0/spectator-api-0.122.0.jar:/Users/babyboy/.m2/repository/com/netflix/eureka/eureka-client/1.10.10/eureka-client-1.10.10.jar:/Users/babyboy/.m2/repository/com/netflix/netflix-commons/netflix-eventbus/0.3.0/netflix-eventbus-0.3.0.jar:/Users/babyboy/.m2/repository/com/netflix/netflix-commons/netflix-infix/0.3.0/netflix-infix-0.3.0.jar:/Users/babyboy/.m2/repository/commons-jxpath/commons-jxpath/1.3/commons-jxpath-1.3.jar:/Users/babyboy/.m2/repository/javax/servlet/servlet-api/2.5/servlet-api-2.5.jar:/Users/babyboy/.m2/repository/org/antlr/antlr-runtime/3.4/antlr-runtime-3.4.jar:/Users/babyboy/.m2/repository/org/antlr/stringtemplate/3.2.1/stringtemplate-3.2.1.jar:/Users/babyboy/.m2/repository/antlr/antlr/2.7.7/antlr-2.7.7.jar:/Users/babyboy/.m2/repository/com/google/code/gson/gson/2.1/gson-2.1.jar:/Users/babyboy/.m2/repository/org/apache/commons/commons-math/2.2/commons-math-2.2.jar:/Users/babyboy/.m2/repository/com/thoughtworks/xstream/xstream/1.4.13/xstream-1.4.13.jar:/Users/babyboy/.m2/repository/xmlpull/xmlpull/1.1.3.1/xmlpull-1.1.3.1.jar:/Users/babyboy/.m2/repository/xpp3/xpp3_min/1.1.4c/xpp3_min-1.1.4c.jar:/Users/babyboy/.m2/repository/com/netflix/archaius/archaius-core/0.7.6/archaius-core-0.7.6.jar:/Users/babyboy/.m2/repository/javax/ws/rs/jsr311-api/1.1.1/jsr311-api-1.1.1.jar:/Users/babyboy/.m2/repository/com/netflix/servo/servo-core/0.12.21/servo-core-0.12.21.jar:/Users/babyboy/.m2/repository/com/sun/jersey/contribs/jersey-apache-client4/1.19.1/jersey-apache-client4-1.19.1.jar:/Users/babyboy/.m2/repository/org/apache/httpcomponents/httpclient/4.5.3/httpclient-4.5.3.jar:/Users/babyboy/.m2/repository/org/apache/httpcomponents/httpcore/4.4.6/httpcore-4.4.6.jar:/Users/babyboy/.m2/repository/com/google/code/findbugs/jsr305/3.0.2/jsr305-3.0.2.jar:/Users/babyboy/.m2/repository/commons-configuration/commons-configuration/1.10/commons-configuration-1.10.jar:/Users/babyboy/.m2/repository/commons-lang/commons-lang/2.6/commons-lang-2.6.jar:/Users/babyboy/.m2/repository/com/google/inject/guice/4.1.0/guice-4.1.0.jar:/Users/babyboy/.m2/repository/javax/inject/javax.inject/1/javax.inject-1.jar:/Users/babyboy/.m2/repository/aopalliance/aopalliance/1.0/aopalliance-1.0.jar:/Users/babyboy/.m2/repository/com/github/vlsi/compactmap/compactmap/2.0/compactmap-2.0.jar:/Users/babyboy/.m2/repository/com/github/andrewoma/dexx/dexx-collections/0.2/dexx-collections-0.2.jar:/Users/babyboy/.m2/repository/org/codehaus/jettison/jettison/1.4.0/jettison-1.4.0.jar:/Users/babyboy/.m2/repository/com/amazonaws/aws-java-sdk-core/1.12.535/aws-java-sdk-core-1.12.535.jar:/Users/babyboy/.m2/repository/commons-logging/commons-logging/1.1.3/commons-logging-1.1.3.jar:/Users/babyboy/.m2/repository/commons-codec/commons-codec/1.15/commons-codec-1.15.jar:/Users/babyboy/.m2/repository/software/amazon/ion/ion-java/1.0.2/ion-java-1.0.2.jar:/Users/babyboy/.m2/repository/org/apache/commons/commons-lang3/3.12.0/commons-lang3-3.12.0.jar:/Users/babyboy/.m2/repository/commons-io/commons-io/2.7/commons-io-2.7.jar:/Users/babyboy/.m2/repository/org/slf4j/slf4j-api/1.7.36/slf4j-api-1.7.36.jar:"/>
    <property name="java.vm.vendor" value="Amazon.com Inc."/>
    <property name="sun.arch.data.model" value="64"/>
    <property name="java.vendor.url" value="https://aws.amazon.com/corretto/"/>
    <property name="os.name" value="Mac OS X"/>
    <property name="java.vm.specification.version" value="17"/>
    <property name="sun.java.launcher" value="SUN_STANDARD"/>
    <property name="user.country" value="US"/>
    <property name="sun.boot.library.path" value="/Users/babyboy/.sdkman/candidates/java/17.0.15-amzn/lib"/>
    <property name="sun.java.command" value="/Users/babyboy/mumma/oss/rag-a-muffin/rag-a-muffin/target/surefire/surefirebooter-20250813025739783_3.jar /Users/babyboy/mumma/oss/rag-a-muffin/rag-a-muffin/target/surefire 2025-08-13T02-57-39_584-jvmRun1 surefire-20250813025739783_1tmp surefire_0-20250813025739783_2tmp"/>
    <property name="http.nonProxyHosts" value="local|*.local|169.254/16|*.169.254/16"/>
    <property name="jdk.debug" value="release"/>
    <property name="surefire.test.class.path" value="/Users/babyboy/mumma/oss/rag-a-muffin/rag-a-muffin/target/test-classes:/Users/babyboy/mumma/oss/rag-a-muffin/rag-a-muffin/target/classes:/Users/babyboy/.m2/repository/junit/junit/3.8.1/junit-3.8.1.jar:/Users/babyboy/.m2/repository/com/netflix/conductor/conductor-client/3.15.0/conductor-client-3.15.0.jar:/Users/babyboy/.m2/repository/org/apache/logging/log4j/log4j-core/2.17.2/log4j-core-2.17.2.jar:/Users/babyboy/.m2/repository/org/apache/logging/log4j/log4j-api/2.17.2/log4j-api-2.17.2.jar:/Users/babyboy/.m2/repository/org/apache/logging/log4j/log4j-slf4j-impl/2.17.2/log4j-slf4j-impl-2.17.2.jar:/Users/babyboy/.m2/repository/org/apache/logging/log4j/log4j-jul/2.17.2/log4j-jul-2.17.2.jar:/Users/babyboy/.m2/repository/org/apache/logging/log4j/log4j-web/2.17.2/log4j-web-2.17.2.jar:/Users/babyboy/.m2/repository/org/yaml/snakeyaml/2.0/snakeyaml-2.0.jar:/Users/babyboy/.m2/repository/com/fasterxml/jackson/core/jackson-core/2.15.0/jackson-core-2.15.0.jar:/Users/babyboy/.m2/repository/com/fasterxml/jackson/core/jackson-databind/2.15.0/jackson-databind-2.15.0.jar:/Users/babyboy/.m2/repository/com/fasterxml/jackson/dataformat/jackson-dataformat-yaml/2.15.0/jackson-dataformat-yaml-2.15.0.jar:/Users/babyboy/.m2/repository/com/fasterxml/jackson/core/jackson-annotations/2.15.0/jackson-annotations-2.15.0.jar:/Users/babyboy/.m2/repository/com/fasterxml/jackson/dataformat/jackson-dataformat-smile/2.15.0/jackson-dataformat-smile-2.15.0.jar:/Users/babyboy/.m2/repository/com/fasterxml/jackson/dataformat/jackson-dataformat-cbor/2.15.0/jackson-dataformat-cbor-2.15.0.jar:/Users/babyboy/.m2/repository/com/fasterxml/jackson/datatype/jackson-datatype-jdk8/2.15.0/jackson-datatype-jdk8-2.15.0.jar:/Users/babyboy/.m2/repository/com/fasterxml/jackson/datatype/jackson-datatype-joda/2.15.0/jackson-datatype-joda-2.15.0.jar:/Users/babyboy/.m2/repository/joda-time/joda-time/2.10.14/joda-time-2.10.14.jar:/Users/babyboy/.m2/repository/com/fasterxml/jackson/datatype/jackson-datatype-jsr310/2.15.0/jackson-datatype-jsr310-2.15.0.jar:/Users/babyboy/.m2/repository/com/fasterxml/jackson/jaxrs/jackson-jaxrs-json-provider/2.15.0/jackson-jaxrs-json-provider-2.15.0.jar:/Users/babyboy/.m2/repository/com/fasterxml/jackson/jaxrs/jackson-jaxrs-base/2.15.0/jackson-jaxrs-base-2.15.0.jar:/Users/babyboy/.m2/repository/com/fasterxml/jackson/module/jackson-module-jaxb-annotations/2.15.0/jackson-module-jaxb-annotations-2.15.0.jar:/Users/babyboy/.m2/repository/jakarta/xml/bind/jakarta.xml.bind-api/2.3.3/jakarta.xml.bind-api-2.3.3.jar:/Users/babyboy/.m2/repository/jakarta/activation/jakarta.activation-api/1.2.2/jakarta.activation-api-1.2.2.jar:/Users/babyboy/.m2/repository/com/fasterxml/jackson/module/jackson-module-afterburner/2.15.0/jackson-module-afterburner-2.15.0.jar:/Users/babyboy/.m2/repository/com/netflix/conductor/conductor-common/3.15.0/conductor-common-3.15.0.jar:/Users/babyboy/.m2/repository/com/netflix/conductor/conductor-annotations/3.15.0/conductor-annotations-3.15.0.jar:/Users/babyboy/.m2/repository/org/apache/bval/bval-jsr/2.0.6/bval-jsr-2.0.6.jar:/Users/babyboy/.m2/repository/com/google/protobuf/protobuf-java/3.24.3/protobuf-java-3.24.3.jar:/Users/babyboy/.m2/repository/com/sun/jersey/jersey-client/1.19.4/jersey-client-1.19.4.jar:/Users/babyboy/.m2/repository/com/sun/jersey/jersey-core/1.19.4/jersey-core-1.19.4.jar:/Users/babyboy/.m2/repository/javax/ws/rs/javax.ws.rs-api/2.1.1/javax.ws.rs-api-2.1.1.jar:/Users/babyboy/.m2/repository/org/glassfish/jersey/core/jersey-common/2.22.2/jersey-common-2.22.2.jar:/Users/babyboy/.m2/repository/javax/annotation/javax.annotation-api/1.2/javax.annotation-api-1.2.jar:/Users/babyboy/.m2/repository/org/glassfish/jersey/bundles/repackaged/jersey-guava/2.22.2/jersey-guava-2.22.2.jar:/Users/babyboy/.m2/repository/org/glassfish/hk2/hk2-api/2.4.0-b34/hk2-api-2.4.0-b34.jar:/Users/babyboy/.m2/repository/org/glassfish/hk2/hk2-utils/2.4.0-b34/hk2-utils-2.4.0-b34.jar:/Users/babyboy/.m2/repository/org/glassfish/hk2/external/aopalliance-repackaged/2.4.0-b34/aopalliance-repackaged-2.4.0-b34.jar:/Users/babyboy/.m2/repository/org/glassfish/hk2/external/javax.inject/2.4.0-b34/javax.inject-2.4.0-b34.jar:/Users/babyboy/.m2/repository/org/glassfish/hk2/hk2-locator/2.4.0-b34/hk2-locator-2.4.0-b34.jar:/Users/babyboy/.m2/repository/org/javassist/javassist/3.18.1-GA/javassist-3.18.1-GA.jar:/Users/babyboy/.m2/repository/org/glassfish/hk2/osgi-resource-locator/1.0.1/osgi-resource-locator-1.0.1.jar:/Users/babyboy/.m2/repository/com/netflix/spectator/spectator-api/0.122.0/spectator-api-0.122.0.jar:/Users/babyboy/.m2/repository/com/netflix/eureka/eureka-client/1.10.10/eureka-client-1.10.10.jar:/Users/babyboy/.m2/repository/com/netflix/netflix-commons/netflix-eventbus/0.3.0/netflix-eventbus-0.3.0.jar:/Users/babyboy/.m2/repository/com/netflix/netflix-commons/netflix-infix/0.3.0/netflix-infix-0.3.0.jar:/Users/babyboy/.m2/repository/commons-jxpath/commons-jxpath/1.3/commons-jxpath-1.3.jar:/Users/babyboy/.m2/repository/javax/servlet/servlet-api/2.5/servlet-api-2.5.jar:/Users/babyboy/.m2/repository/org/antlr/antlr-runtime/3.4/antlr-runtime-3.4.jar:/Users/babyboy/.m2/repository/org/antlr/stringtemplate/3.2.1/stringtemplate-3.2.1.jar:/Users/babyboy/.m2/repository/antlr/antlr/2.7.7/antlr-2.7.7.jar:/Users/babyboy/.m2/repository/com/google/code/gson/gson/2.1/gson-2.1.jar:/Users/babyboy/.m2/repository/org/apache/commons/commons-math/2.2/commons-math-2.2.jar:/Users/babyboy/.m2/repository/com/thoughtworks/xstream/xstream/1.4.13/xstream-1.4.13.jar:/Users/babyboy/.m2/repository/xmlpull/xmlpull/1.1.3.1/xmlpull-1.1.3.1.jar:/Users/babyboy/.m2/repository/xpp3/xpp3_min/1.1.4c/xpp3_min-1.1.4c.jar:/Users/babyboy/.m2/repository/com/netflix/archaius/archaius-core/0.7.6/archaius-core-0.7.6.jar:/Users/babyboy/.m2/repository/javax/ws/rs/jsr311-api/1.1.1/jsr311-api-1.1.1.jar:/Users/babyboy/.m2/repository/com/netflix/servo/servo-core/0.12.21/servo-core-0.12.21.jar:/Users/babyboy/.m2/repository/com/sun/jersey/contribs/jersey-apache-client4/1.19.1/jersey-apache-client4-1.19.1.jar:/Users/babyboy/.m2/repository/org/apache/httpcomponents/httpclient/4.5.3/httpclient-4.5.3.jar:/Users/babyboy/.m2/repository/org/apache/httpcomponents/httpcore/4.4.6/httpcore-4.4.6.jar:/Users/babyboy/.m2/repository/com/google/code/findbugs/jsr305/3.0.2/jsr305-3.0.2.jar:/Users/babyboy/.m2/repository/commons-configuration/commons-configuration/1.10/commons-configuration-1.10.jar:/Users/babyboy/.m2/repository/commons-lang/commons-lang/2.6/commons-lang-2.6.jar:/Users/babyboy/.m2/repository/com/google/inject/guice/4.1.0/guice-4.1.0.jar:/Users/babyboy/.m2/repository/javax/inject/javax.inject/1/javax.inject-1.jar:/Users/babyboy/.m2/repository/aopalliance/aopalliance/1.0/aopalliance-1.0.jar:/Users/babyboy/.m2/repository/com/github/vlsi/compactmap/compactmap/2.0/compactmap-2.0.jar:/Users/babyboy/.m2/repository/com/github/andrewoma/dexx/dexx-collections/0.2/dexx-collections-0.2.jar:/Users/babyboy/.m2/repository/org/codehaus/jettison/jettison/1.4.0/jettison-1.4.0.jar:/Users/babyboy/.m2/repository/com/amazonaws/aws-java-sdk-core/1.12.535/aws-java-sdk-core-1.12.535.jar:/Users/babyboy/.m2/repository/commons-logging/commons-logging/1.1.3/commons-logging-1.1.3.jar:/Users/babyboy/.m2/repository/commons-codec/commons-codec/1.15/commons-codec-1.15.jar:/Users/babyboy/.m2/repository/software/amazon/ion/ion-java/1.0.2/ion-java-1.0.2.jar:/Users/babyboy/.m2/repository/org/apache/commons/commons-lang3/3.12.0/commons-lang3-3.12.0.jar:/Users/babyboy/.m2/repository/commons-io/commons-io/2.7/commons-io-2.7.jar:/Users/babyboy/.m2/repository/org/slf4j/slf4j-api/1.7.36/slf4j-api-1.7.36.jar:"/>
    <property name="sun.cpu.endian" value="little"/>
    <property name="user.home" value="/Users/babyboy"/>
    <property name="user.language" value="en"/>
    <property name="java.specification.vendor" value="Oracle Corporation"/>
    <property name="java.version.date" value="2025-04-15"/>
    <property name="java.home" value="/Users/babyboy/.sdkman/candidates/java/17.0.15-amzn"/>
    <property name="file.separator" value="/"/>
    <property name="basedir" value="/Users/babyboy/mumma/oss/rag-a-muffin/rag-a-muffin"/>
    <property name="java.vm.compressedOopsMode" value="Zero based"/>
    <property name="line.separator" value="&#10;"/>
    <property name="java.specification.name" value="Java Platform API Specification"/>
    <property name="java.vm.specification.vendor" value="Oracle Corporation"/>
    <property name="surefire.real.class.path" value="/Users/babyboy/mumma/oss/rag-a-muffin/rag-a-muffin/target/surefire/surefirebooter-20250813025739783_3.jar"/>
    <property name="sun.management.compiler" value="HotSpot 64-Bit Tiered Compilers"/>
    <property name="ftp.nonProxyHosts" value="local|*.local|169.254/16|*.169.254/16"/>
    <property name="java.runtime.version" value="17.0.15+6-LTS"/>
    <property name="user.name" value="babyboy"/>
    <property name="path.separator" value=":"/>
    <property name="os.version" value="15.4.1"/>
    <property name="java.runtime.name" value="OpenJDK Runtime Environment"/>
    <property name="file.encoding" value="UTF-8"/>
    <property name="java.vm.name" value="OpenJDK 64-Bit Server VM"/>
    <property name="java.vendor.version" value="Corretto-17.0.15.6.1"/>
    <property name="localRepository" value="/Users/babyboy/.m2/repository"/>
    <property name="java.vendor.url.bug" value="https://github.com/corretto/corretto-17/issues/"/>
    <property name="java.io.tmpdir" value="/var/folders/r6/l7_nr28x34304gm39wdt89hm0000gn/T/"/>
    <property name="java.version" value="17.0.15"/>
    <property name="user.dir" value="/Users/babyboy/mumma/oss/rag-a-muffin/rag-a-muffin"/>
    <property name="os.arch" value="x86_64"/>
    <property name="java.vm.specification.name" value="Java Virtual Machine Specification"/>
    <property name="native.encoding" value="UTF-8"/>
    <property name="java.library.path" value="/Users/babyboy/Library/Java/Extensions:/Library/Java/Extensions:/Network/Library/Java/Extensions:/System/Library/Java/Extensions:/usr/lib/java:."/>
    <property name="java.vm.info" value="mixed mode, sharing"/>
    <property name="java.vendor" value="Amazon.com Inc."/>
    <property name="java.vm.version" value="17.0.15+6-LTS"/>
    <property name="java.specification.maintenance.version" value="1"/>
    <property name="sun.io.unicode.encoding" value="UnicodeBig"/>
    <property name="socksNonProxyHosts" value="local|*.local|169.254/16|*.169.254/16"/>
    <property name="java.class.version" value="61.0"/>
  </properties>
  <testcase name="testApp" classname="io.braineous.AppTest" time="0.003"/>
</testsuite>